<?xml version="1.0" encoding="UTF-8"?>
<coverage generated="1781252519296" clover="3.2.0">
  <project timestamp="1781252519299" name="All files">
    <metrics statements="584" coveredstatements="546" conditionals="262" coveredconditionals="184" methods="165" coveredmethods="156" elements="1011" coveredelements="886" complexity="0" loc="584" ncloc="584" packages="1" files="7" classes="7"/>
    <file name="context.ts" path="/media/naranyala/Data/projects-remote/exba-wasm-browser-extention/src/lib/context.ts">
      <metrics statements="24" coveredstatements="23" conditionals="8" coveredconditionals="7" methods="5" coveredmethods="5"/>
      <line num="28" count="2" type="stmt"/>
      <line num="35" count="2" type="stmt"/>
      <line num="40" count="19" type="stmt"/>
      <line num="55" count="18" type="stmt"/>
      <line num="77" count="15" type="stmt"/>
      <line num="81" count="15" type="stmt"/>
      <line num="82" count="15" type="stmt"/>
      <line num="83" count="15" type="stmt"/>
      <line num="84" count="15" type="cond" truecount="2" falsecount="0"/>
      <line num="85" count="14" type="stmt"/>
      <line num="86" count="14" type="cond" truecount="2" falsecount="0"/>
      <line num="87" count="12" type="stmt"/>
      <line num="89" count="2" type="stmt"/>
      <line num="90" count="2" type="stmt"/>
      <line num="91" count="2" type="cond" truecount="1" falsecount="1"/>
      <line num="92" count="2" type="stmt"/>
      <line num="93" count="2" type="stmt"/>
      <line num="95" count="0" type="stmt"/>
      <line num="116" count="20" type="stmt"/>
      <line num="117" count="20" type="stmt"/>
      <line num="118" count="18" type="cond" truecount="2" falsecount="0"/>
      <line num="119" count="14" type="stmt"/>
      <line num="121" count="4" type="stmt"/>
      <line num="123" count="6" type="stmt"/>
    </file>
    <file name="framework.ts" path="/media/naranyala/Data/projects-remote/exba-wasm-browser-extention/src/lib/framework.ts">
      <metrics statements="115" coveredstatements="106" conditionals="66" coveredconditionals="34" methods="49" coveredmethods="42"/>
      <line num="59" count="1" type="cond" truecount="1" falsecount="1"/>
      <line num="60" count="1" type="stmt"/>
      <line num="73" count="24" type="stmt"/>
      <line num="76" count="24" type="stmt"/>
      <line num="81" count="24" type="stmt"/>
      <line num="93" count="24" type="stmt"/>
      <line num="94" count="24" type="stmt"/>
      <line num="95" count="24" type="stmt"/>
      <line num="96" count="24" type="stmt"/>
      <line num="97" count="24" type="stmt"/>
      <line num="100" count="24" type="stmt"/>
      <line num="105" count="24" type="stmt"/>
      <line num="106" count="24" type="stmt"/>
      <line num="107" count="24" type="stmt"/>
      <line num="112" count="25" type="stmt"/>
      <line num="113" count="10" type="stmt"/>
      <line num="115" count="25" type="stmt"/>
      <line num="116" count="25" type="cond" truecount="2" falsecount="0"/>
      <line num="117" count="24" type="stmt"/>
      <line num="118" count="24" type="stmt"/>
      <line num="120" count="25" type="stmt"/>
      <line num="144" count="1" type="stmt"/>
      <line num="152" count="8" type="stmt"/>
      <line num="153" count="8" type="stmt"/>
      <line num="154" count="8" type="stmt"/>
      <line num="165" count="1" type="stmt"/>
      <line num="166" count="1" type="stmt"/>
      <line num="167" count="1" type="stmt"/>
      <line num="174" count="1" type="stmt"/>
      <line num="189" count="1" type="stmt"/>
      <line num="197" count="1" type="stmt"/>
      <line num="218" count="1" type="stmt"/>
      <line num="226" count="1" type="stmt"/>
      <line num="233" count="1" type="stmt"/>
      <line num="234" count="1" type="cond" truecount="1" falsecount="1"/>
      <line num="235" count="1" type="stmt"/>
      <line num="236" count="2" type="stmt"/>
      <line num="249" count="2" type="stmt"/>
      <line num="250" count="2" type="cond" truecount="1" falsecount="1"/>
      <line num="251" count="2" type="stmt"/>
      <line num="252" count="7" type="stmt"/>
      <line num="253" count="7" type="cond" truecount="4" falsecount="0"/>
      <line num="254" count="2" type="stmt"/>
      <line num="256" count="5" type="stmt"/>
      <line num="270" count="1" type="stmt"/>
      <line num="271" count="1" type="cond" truecount="1" falsecount="1"/>
      <line num="272" count="1" type="stmt"/>
      <line num="273" count="2" type="stmt"/>
      <line num="287" count="1" type="stmt"/>
      <line num="288" count="1" type="cond" truecount="1" falsecount="1"/>
      <line num="289" count="1" type="stmt"/>
      <line num="290" count="1" type="cond" truecount="1" falsecount="1"/>
      <line num="291" count="1" type="stmt"/>
      <line num="292" count="2" type="stmt"/>
      <line num="320" count="1" type="stmt"/>
      <line num="321" count="1" type="cond" truecount="1" falsecount="1"/>
      <line num="322" count="1" type="stmt"/>
      <line num="344" count="1" type="stmt"/>
      <line num="345" count="1" type="cond" truecount="1" falsecount="1"/>
      <line num="346" count="1" type="stmt"/>
      <line num="364" count="1" type="stmt"/>
      <line num="369" count="1" type="cond" truecount="1" falsecount="1"/>
      <line num="370" count="1" type="stmt"/>
      <line num="388" count="1" type="stmt"/>
      <line num="389" count="1" type="cond" truecount="1" falsecount="1"/>
      <line num="390" count="1" type="stmt"/>
      <line num="397" count="21" type="cond" truecount="1" falsecount="1"/>
      <line num="404" count="1" type="cond" truecount="1" falsecount="1"/>
      <line num="410" count="2" type="cond" truecount="1" falsecount="3"/>
      <line num="411" count="2" type="cond" truecount="1" falsecount="1"/>
      <line num="412" count="0" type="stmt"/>
      <line num="420" count="1" type="stmt"/>
      <line num="421" count="1" type="cond" truecount="1" falsecount="1"/>
      <line num="422" count="1" type="stmt"/>
      <line num="424" count="0" type="stmt"/>
      <line num="431" count="1" type="stmt"/>
      <line num="438" count="1" type="stmt"/>
      <line num="439" count="1" type="cond" truecount="1" falsecount="1"/>
      <line num="440" count="1" type="stmt"/>
      <line num="441" count="1" type="stmt"/>
      <line num="442" count="1" type="stmt"/>
      <line num="444" count="1" type="stmt"/>
      <line num="445" count="1" type="stmt"/>
      <line num="446" count="1" type="stmt"/>
      <line num="457" count="1" type="cond" truecount="3" falsecount="1"/>
      <line num="459" count="1" type="stmt"/>
      <line num="463" count="1" type="stmt"/>
      <line num="469" count="24" type="cond" truecount="1" falsecount="1"/>
      <line num="475" count="24" type="stmt"/>
      <line num="476" count="24" type="cond" truecount="1" falsecount="1"/>
      <line num="478" count="24" type="stmt"/>
      <line num="482" count="24" type="stmt"/>
      <line num="489" count="24" type="stmt"/>
      <line num="490" count="24" type="stmt"/>
      <line num="493" count="24" type="stmt"/>
      <line num="497" count="24" type="stmt"/>
      <line num="498" count="24" type="stmt"/>
      <line num="500" count="0" type="stmt"/>
      <line num="501" count="0" type="stmt"/>
      <line num="511" count="25" type="cond" truecount="1" falsecount="1"/>
      <line num="512" count="25" type="cond" truecount="1" falsecount="1"/>
      <line num="513" count="25" type="stmt"/>
      <line num="515" count="25" type="stmt"/>
      <line num="516" count="25" type="stmt"/>
      <line num="517" count="25" type="stmt"/>
      <line num="519" count="0" type="stmt"/>
      <line num="525" count="3" type="cond" truecount="1" falsecount="1"/>
      <line num="526" count="3" type="stmt"/>
      <line num="534" count="24" type="cond" truecount="1" falsecount="1"/>
      <line num="535" count="0" type="stmt"/>
      <line num="536" count="0" type="stmt"/>
      <line num="539" count="24" type="cond" truecount="1" falsecount="1"/>
      <line num="540" count="24" type="stmt"/>
      <line num="545" count="0" type="cond" truecount="0" falsecount="2"/>
      <line num="546" count="0" type="stmt"/>
    </file>
    <file name="reactivity.ts" path="/media/naranyala/Data/projects-remote/exba-wasm-browser-extention/src/lib/reactivity.ts">
      <metrics statements="106" coveredstatements="104" conditionals="31" coveredconditionals="28" methods="31" coveredmethods="31"/>
      <line num="6" count="4" type="stmt"/>
      <line num="7" count="4" type="stmt"/>
      <line num="8" count="4" type="stmt"/>
      <line num="15" count="181" type="stmt"/>
      <line num="18" count="181" type="stmt"/>
      <line num="22" count="698" type="cond" truecount="2" falsecount="0"/>
      <line num="23" count="125" type="stmt"/>
      <line num="24" count="125" type="stmt"/>
      <line num="26" count="698" type="stmt"/>
      <line num="30" count="88" type="cond" truecount="2" falsecount="0"/>
      <line num="31" count="85" type="stmt"/>
      <line num="32" count="85" type="stmt"/>
      <line num="37" count="7" type="stmt"/>
      <line num="41" count="1" type="stmt"/>
      <line num="45" count="76" type="stmt"/>
      <line num="49" count="107" type="cond" truecount="2" falsecount="0"/>
      <line num="50" count="6" type="stmt"/>
      <line num="51" count="4" type="stmt"/>
      <line num="53" count="6" type="stmt"/>
      <line num="55" count="101" type="stmt"/>
      <line num="56" count="101" type="stmt"/>
      <line num="57" count="46" type="stmt"/>
      <line num="62" count="3" type="stmt"/>
      <line num="67" count="3" type="stmt"/>
      <line num="69" count="3" type="stmt"/>
      <line num="72" count="1" type="stmt"/>
      <line num="78" count="11" type="stmt"/>
      <line num="79" count="11" type="stmt"/>
      <line num="82" count="11" type="stmt"/>
      <line num="83" count="11" type="stmt"/>
      <line num="84" count="11" type="stmt"/>
      <line num="85" count="22" type="stmt"/>
      <line num="86" count="22" type="stmt"/>
      <line num="87" count="22" type="stmt"/>
      <line num="92" count="30" type="cond" truecount="2" falsecount="0"/>
      <line num="93" count="18" type="stmt"/>
      <line num="94" count="18" type="stmt"/>
      <line num="96" count="30" type="cond" truecount="2" falsecount="0"/>
      <line num="97" count="14" type="stmt"/>
      <line num="98" count="14" type="stmt"/>
      <line num="100" count="30" type="stmt"/>
      <line num="104" count="1" type="stmt"/>
      <line num="109" count="170" type="stmt"/>
      <line num="113" count="10" type="stmt"/>
      <line num="117" count="84" type="stmt"/>
      <line num="118" count="84" type="stmt"/>
      <line num="119" count="84" type="stmt"/>
      <line num="120" count="84" type="stmt"/>
      <line num="122" count="84" type="stmt"/>
      <line num="123" count="84" type="cond" truecount="2" falsecount="0"/>
      <line num="124" count="82" type="stmt"/>
      <line num="125" count="82" type="stmt"/>
      <line num="126" count="82" type="stmt"/>
      <line num="127" count="2" type="stmt"/>
      <line num="134" count="83" type="stmt"/>
      <line num="137" count="131" type="stmt"/>
      <line num="138" count="62" type="stmt"/>
      <line num="140" count="131" type="stmt"/>
      <line num="141" count="131" type="stmt"/>
      <line num="142" count="131" type="stmt"/>
      <line num="143" count="131" type="stmt"/>
      <line num="144" count="131" type="stmt"/>
      <line num="146" count="131" type="stmt"/>
      <line num="150" count="83" type="stmt"/>
      <line num="151" count="83" type="stmt"/>
      <line num="152" count="18" type="stmt"/>
      <line num="153" count="14" type="stmt"/>
      <line num="155" count="18" type="stmt"/>
      <line num="165" count="7" type="stmt"/>
      <line num="166" count="7" type="stmt"/>
      <line num="167" count="11" type="stmt"/>
      <line num="168" count="11" type="cond" truecount="2" falsecount="0"/>
      <line num="169" count="7" type="stmt"/>
      <line num="170" count="7" type="stmt"/>
      <line num="171" count="7" type="cond" truecount="2" falsecount="0"/>
      <line num="172" count="7" type="stmt"/>
      <line num="174" count="4" type="cond" truecount="2" falsecount="0"/>
      <line num="175" count="3" type="stmt"/>
      <line num="176" count="3" type="stmt"/>
      <line num="179" count="7" type="stmt"/>
      <line num="196" count="5" type="stmt"/>
      <line num="197" count="5" type="stmt"/>
      <line num="198" count="5" type="stmt"/>
      <line num="199" count="5" type="stmt"/>
      <line num="201" count="5" type="stmt"/>
      <line num="230" count="9" type="stmt"/>
      <line num="231" count="9" type="stmt"/>
      <line num="233" count="9" type="stmt"/>
      <line num="234" count="19" type="cond" truecount="2" falsecount="0"/>
      <line num="235" count="11" type="stmt"/>
      <line num="237" count="19" type="stmt"/>
      <line num="240" count="9" type="stmt"/>
      <line num="242" count="14" type="cond" truecount="1" falsecount="1"/>
      <line num="243" count="14" type="stmt"/>
      <line num="246" count="5" type="cond" truecount="1" falsecount="1"/>
      <line num="247" count="0" type="stmt"/>
      <line num="248" count="0" type="stmt"/>
      <line num="250" count="5" type="stmt"/>
      <line num="251" count="5" type="cond" truecount="2" falsecount="0"/>
      <line num="252" count="4" type="stmt"/>
      <line num="253" count="4" type="stmt"/>
      <line num="255" count="5" type="stmt"/>
      <line num="258" count="2" type="cond" truecount="3" falsecount="1"/>
      <line num="259" count="2" type="stmt"/>
      <line num="262" count="1" type="stmt"/>
      <line num="265" count="2" type="stmt"/>
    </file>
    <file name="render.ts" path="/media/naranyala/Data/projects-remote/exba-wasm-browser-extention/src/lib/render.ts">
      <metrics statements="143" coveredstatements="129" conditionals="55" coveredconditionals="36" methods="26" coveredmethods="25"/>
      <line num="34" count="9" type="stmt"/>
      <line num="35" count="15" type="cond" truecount="2" falsecount="0"/>
      <line num="36" count="15" type="cond" truecount="1" falsecount="1"/>
      <line num="37" count="0" type="stmt"/>
      <line num="39" count="15" type="stmt"/>
      <line num="41" count="9" type="stmt"/>
      <line num="42" count="9" type="stmt"/>
      <line num="43" count="9" type="stmt"/>
      <line num="46" count="9" type="stmt"/>
      <line num="47" count="9" type="stmt"/>
      <line num="49" count="9" type="stmt"/>
      <line num="50" count="10" type="cond" truecount="2" falsecount="2"/>
      <line num="51" count="0" type="stmt"/>
      <line num="53" count="10" type="stmt"/>
      <line num="56" count="9" type="stmt"/>
      <line num="91" count="8" type="stmt"/>
      <line num="92" count="8" type="stmt"/>
      <line num="94" count="8" type="stmt"/>
      <line num="95" count="11" type="stmt"/>
      <line num="96" count="11" type="stmt"/>
      <line num="98" count="11" type="cond" truecount="2" falsecount="2"/>
      <line num="100" count="0" type="cond" truecount="0" falsecount="2"/>
      <line num="101" count="0" type="stmt"/>
      <line num="102" count="0" type="stmt"/>
      <line num="103" count="0" type="stmt"/>
      <line num="105" count="0" type="stmt"/>
      <line num="109" count="11" type="stmt"/>
      <line num="110" count="11" type="stmt"/>
      <line num="112" count="11" type="cond" truecount="2" falsecount="0"/>
      <line num="113" count="5" type="stmt"/>
      <line num="114" count="6" type="cond" truecount="2" falsecount="0"/>
      <line num="115" count="3" type="stmt"/>
      <line num="117" count="3" type="stmt"/>
      <line num="120" count="11" type="stmt"/>
      <line num="123" count="8" type="stmt"/>
      <line num="124" count="2" type="stmt"/>
      <line num="125" count="2" type="stmt"/>
      <line num="126" count="2" type="stmt"/>
      <line num="178" count="8" type="stmt"/>
      <line num="179" count="8" type="stmt"/>
      <line num="180" count="8" type="stmt"/>
      <line num="182" count="8" type="stmt"/>
      <line num="183" count="10" type="stmt"/>
      <line num="184" count="10" type="cond" truecount="2" falsecount="0"/>
      <line num="187" count="10" type="stmt"/>
      <line num="188" count="10" type="stmt"/>
      <line num="189" count="5" type="stmt"/>
      <line num="192" count="10" type="stmt"/>
      <line num="193" count="10" type="stmt"/>
      <line num="195" count="10" type="stmt"/>
      <line num="196" count="21" type="stmt"/>
      <line num="197" count="21" type="stmt"/>
      <line num="199" count="21" type="cond" truecount="1" falsecount="1"/>
      <line num="201" count="0" type="stmt"/>
      <line num="202" count="0" type="stmt"/>
      <line num="203" count="0" type="stmt"/>
      <line num="204" count="0" type="stmt"/>
      <line num="206" count="21" type="stmt"/>
      <line num="208" count="21" type="stmt"/>
      <line num="209" count="21" type="cond" truecount="2" falsecount="0"/>
      <line num="211" count="3" type="stmt"/>
      <line num="212" count="3" type="stmt"/>
      <line num="213" count="3" type="stmt"/>
      <line num="215" count="3" type="stmt"/>
      <line num="218" count="18" type="stmt"/>
      <line num="219" count="18" type="stmt"/>
      <line num="224" count="21" type="stmt"/>
      <line num="225" count="21" type="stmt"/>
      <line num="226" count="2" type="stmt"/>
      <line num="227" count="2" type="cond" truecount="1" falsecount="1"/>
      <line num="228" count="2" type="stmt"/>
      <line num="233" count="10" type="stmt"/>
      <line num="234" count="10" type="stmt"/>
      <line num="235" count="21" type="stmt"/>
      <line num="236" count="21" type="cond" truecount="2" falsecount="0"/>
      <line num="238" count="21" type="cond" truecount="2" falsecount="0"/>
      <line num="240" count="18" type="cond" truecount="1" falsecount="1"/>
      <line num="241" count="0" type="stmt"/>
      <line num="242" count="18" type="cond" truecount="1" falsecount="1"/>
      <line num="243" count="18" type="stmt"/>
      <line num="246" count="18" type="stmt"/>
      <line num="247" count="18" type="stmt"/>
      <line num="248" count="18" type="cond" truecount="1" falsecount="1"/>
      <line num="249" count="0" type="stmt"/>
      <line num="250" count="18" type="cond" truecount="1" falsecount="1"/>
      <line num="251" count="18" type="stmt"/>
      <line num="253" count="18" type="stmt"/>
      <line num="256" count="21" type="stmt"/>
      <line num="262" count="10" type="stmt"/>
      <line num="263" count="10" type="stmt"/>
      <line num="266" count="8" type="stmt"/>
      <line num="267" count="1" type="stmt"/>
      <line num="268" count="1" type="stmt"/>
      <line num="269" count="2" type="stmt"/>
      <line num="270" count="2" type="cond" truecount="1" falsecount="1"/>
      <line num="271" count="2" type="stmt"/>
      <line num="274" count="1" type="cond" truecount="1" falsecount="1"/>
      <line num="275" count="1" type="stmt"/>
      <line num="286" count="18" type="stmt"/>
      <line num="287" count="18" type="stmt"/>
      <line num="288" count="18" type="stmt"/>
      <line num="289" count="18" type="stmt"/>
      <line num="290" count="18" type="stmt"/>
      <line num="292" count="18" type="stmt"/>
      <line num="300" count="3" type="stmt"/>
      <line num="301" count="3" type="stmt"/>
      <line num="302" count="3" type="stmt"/>
      <line num="303" count="3" type="stmt"/>
      <line num="304" count="3" type="cond" truecount="1" falsecount="1"/>
      <line num="305" count="3" type="stmt"/>
      <line num="307" count="0" type="stmt"/>
      <line num="309" count="3" type="stmt"/>
      <line num="311" count="3" type="stmt"/>
      <line num="338" count="7" type="stmt"/>
      <line num="339" count="8" type="stmt"/>
      <line num="340" count="8" type="cond" truecount="2" falsecount="0"/>
      <line num="341" count="4" type="stmt"/>
      <line num="345" count="7" type="stmt"/>
      <line num="346" count="2" type="stmt"/>
      <line num="348" count="7" type="stmt"/>
      <line num="350" count="7" type="stmt"/>
      <line num="351" count="1" type="stmt"/>
      <line num="352" count="1" type="stmt"/>
      <line num="388" count="5" type="stmt"/>
      <line num="412" count="7" type="stmt"/>
      <line num="413" count="7" type="stmt"/>
      <line num="415" count="7" type="stmt"/>
      <line num="416" count="8" type="stmt"/>
      <line num="417" count="12" type="stmt"/>
      <line num="418" count="12" type="stmt"/>
      <line num="420" count="8" type="stmt"/>
      <line num="423" count="7" type="stmt"/>
      <line num="424" count="1" type="stmt"/>
      <line num="425" count="1" type="stmt"/>
      <line num="435" count="29" type="cond" truecount="1" falsecount="1"/>
      <line num="436" count="29" type="cond" truecount="2" falsecount="0"/>
      <line num="437" count="3" type="stmt"/>
      <line num="439" count="26" type="stmt"/>
      <line num="443" count="11" type="stmt"/>
      <line num="444" count="8" type="stmt"/>
      <line num="449" count="20" type="stmt"/>
      <line num="450" count="10" type="cond" truecount="1" falsecount="1"/>
      <line num="451" count="10" type="stmt"/>
    </file>
    <file name="wasm-bridge.ts" path="/media/naranyala/Data/projects-remote/exba-wasm-browser-extention/src/lib/wasm-bridge.ts">
      <metrics statements="29" coveredstatements="29" conditionals="16" coveredconditionals="16" methods="10" coveredmethods="10"/>
      <line num="16" count="74" type="stmt"/>
      <line num="17" count="74" type="stmt"/>
      <line num="19" count="2" type="stmt"/>
      <line num="32" count="72" type="stmt"/>
      <line num="34" count="72" type="cond" truecount="3" falsecount="0"/>
      <line num="37" count="72" type="stmt"/>
      <line num="54" count="12" type="cond" truecount="2" falsecount="0"/>
      <line num="55" count="1" type="stmt"/>
      <line num="60" count="11" type="stmt"/>
      <line num="61" count="11" type="stmt"/>
      <line num="62" count="11" type="stmt"/>
      <line num="64" count="2" type="stmt"/>
      <line num="77" count="15" type="cond" truecount="2" falsecount="0"/>
      <line num="78" count="14" type="stmt"/>
      <line num="79" count="14" type="stmt"/>
      <line num="81" count="1" type="stmt"/>
      <line num="93" count="4" type="cond" truecount="2" falsecount="0"/>
      <line num="94" count="3" type="stmt"/>
      <line num="95" count="3" type="stmt"/>
      <line num="97" count="1" type="stmt"/>
      <line num="108" count="3" type="cond" truecount="2" falsecount="0"/>
      <line num="109" count="2" type="stmt"/>
      <line num="119" count="4" type="cond" truecount="2" falsecount="0"/>
      <line num="120" count="3" type="stmt"/>
      <line num="121" count="3" type="stmt"/>
      <line num="123" count="1" type="stmt"/>
      <line num="135" count="5" type="cond" truecount="2" falsecount="0"/>
      <line num="136" count="4" type="stmt"/>
      <line num="148" count="12" type="stmt"/>
    </file>
    <file name="wasm-client.ts" path="/media/naranyala/Data/projects-remote/exba-wasm-browser-extention/src/lib/wasm-client.ts">
      <metrics statements="130" coveredstatements="118" conditionals="74" coveredconditionals="54" methods="33" coveredmethods="32"/>
      <line num="79" count="68" type="stmt"/>
      <line num="88" count="68" type="stmt"/>
      <line num="91" count="68" type="stmt"/>
      <line num="104" count="68" type="stmt"/>
      <line num="105" count="68" type="stmt"/>
      <line num="108" count="68" type="stmt"/>
      <line num="111" count="68" type="stmt"/>
      <line num="112" count="68" type="stmt"/>
      <line num="120" count="68" type="stmt"/>
      <line num="121" count="68" type="stmt"/>
      <line num="122" count="68" type="stmt"/>
      <line num="123" count="68" type="stmt"/>
      <line num="129" count="68" type="stmt"/>
      <line num="130" count="68" type="stmt"/>
      <line num="133" count="68" type="stmt"/>
      <line num="136" count="68" type="cond" truecount="2" falsecount="0"/>
      <line num="137" count="1" type="stmt"/>
      <line num="140" count="68" type="cond" truecount="1" falsecount="1"/>
      <line num="141" count="0" type="stmt"/>
      <line num="142" count="0" type="stmt"/>
      <line num="152" count="68" type="stmt"/>
      <line num="153" count="68" type="stmt"/>
      <line num="154" count="67" type="stmt"/>
      <line num="155" count="67" type="stmt"/>
      <line num="156" count="67" type="stmt"/>
      <line num="157" count="67" type="stmt"/>
      <line num="159" count="1" type="stmt"/>
      <line num="160" count="1" type="stmt"/>
      <line num="166" count="69" type="stmt"/>
      <line num="174" count="68" type="stmt"/>
      <line num="175" count="68" type="cond" truecount="1" falsecount="1"/>
      <line num="180" count="1" type="stmt"/>
      <line num="184" count="13" type="stmt"/>
      <line num="188" count="2" type="cond" truecount="2" falsecount="0"/>
      <line num="208" count="5" type="stmt"/>
      <line num="211" count="5" type="cond" truecount="4" falsecount="0"/>
      <line num="212" count="3" type="stmt"/>
      <line num="216" count="5" type="cond" truecount="2" falsecount="0"/>
      <line num="217" count="3" type="stmt"/>
      <line num="220" count="5" type="stmt"/>
      <line num="231" count="110" type="cond" truecount="2" falsecount="0"/>
      <line num="232" count="109" type="stmt"/>
      <line num="233" count="109" type="stmt"/>
      <line num="234" count="109" type="stmt"/>
      <line num="235" count="109" type="stmt"/>
      <line num="237" count="0" type="stmt"/>
      <line num="245" count="1" type="cond" truecount="1" falsecount="1"/>
      <line num="246" count="1" type="stmt"/>
      <line num="253" count="2" type="cond" truecount="1" falsecount="1"/>
      <line num="254" count="2" type="stmt"/>
      <line num="255" count="2" type="stmt"/>
      <line num="256" count="2" type="stmt"/>
      <line num="259" count="2" type="stmt"/>
      <line num="266" count="3" type="stmt"/>
      <line num="273" count="1" type="stmt"/>
      <line num="288" count="4" type="cond" truecount="1" falsecount="1"/>
      <line num="289" count="4" type="stmt"/>
      <line num="291" count="4" type="stmt"/>
      <line num="292" count="4" type="stmt"/>
      <line num="293" count="4" type="stmt"/>
      <line num="301" count="3" type="stmt"/>
      <line num="302" count="3" type="stmt"/>
      <line num="308" count="109" type="stmt"/>
      <line num="311" count="109" type="stmt"/>
      <line num="312" count="736" type="cond" truecount="2" falsecount="0"/>
      <line num="313" count="494" type="stmt"/>
      <line num="317" count="109" type="stmt"/>
      <line num="318" count="253" type="cond" truecount="1" falsecount="1"/>
      <line num="319" count="0" type="stmt"/>
      <line num="323" count="109" type="cond" truecount="2" falsecount="0"/>
      <line num="326" count="77" type="stmt"/>
      <line num="329" count="77" type="stmt"/>
      <line num="330" count="77" type="stmt"/>
      <line num="331" count="494" type="stmt"/>
      <line num="336" count="77" type="stmt"/>
      <line num="337" count="494" type="stmt"/>
      <line num="338" count="494" type="cond" truecount="2" falsecount="0"/>
      <line num="339" count="2" type="stmt"/>
      <line num="340" count="1" type="stmt"/>
      <line num="346" count="77" type="stmt"/>
      <line num="347" count="494" type="stmt"/>
      <line num="348" count="2" type="stmt"/>
      <line num="363" count="11" type="stmt"/>
      <line num="364" count="11" type="cond" truecount="2" falsecount="0"/>
      <line num="365" count="2" type="stmt"/>
      <line num="367" count="11" type="stmt"/>
      <line num="378" count="4" type="stmt"/>
      <line num="379" count="4" type="cond" truecount="2" falsecount="0"/>
      <line num="380" count="4" type="stmt"/>
      <line num="381" count="8" type="cond" truecount="1" falsecount="1"/>
      <line num="382" count="8" type="stmt"/>
      <line num="383" count="8" type="stmt"/>
      <line num="392" count="38" type="cond" truecount="2" falsecount="0"/>
      <line num="393" count="4" type="stmt"/>
      <line num="394" count="4" type="stmt"/>
      <line num="407" count="2" type="stmt"/>
      <line num="408" count="2" type="stmt"/>
      <line num="409" count="6" type="stmt"/>
      <line num="410" count="6" type="stmt"/>
      <line num="411" count="12" type="cond" truecount="2" falsecount="0"/>
      <line num="412" count="1" type="stmt"/>
      <line num="415" count="6" type="cond" truecount="2" falsecount="0"/>
      <line num="416" count="1" type="stmt"/>
      <line num="419" count="2" type="stmt"/>
      <line num="426" count="2" type="stmt"/>
      <line num="427" count="2" type="cond" truecount="2" falsecount="0"/>
      <line num="428" count="2" type="stmt"/>
      <line num="439" count="32" type="stmt"/>
      <line num="440" count="32" type="stmt"/>
      <line num="441" count="32" type="stmt"/>
      <line num="442" count="32" type="stmt"/>
      <line num="443" count="32" type="stmt"/>
      <line num="444" count="32" type="stmt"/>
      <line num="452" count="786" type="cond" truecount="2" falsecount="0"/>
      <line num="453" count="553" type="cond" truecount="2" falsecount="0"/>
      <line num="454" count="70" type="cond" truecount="6" falsecount="0"/>
      <line num="455" count="59" type="cond" truecount="3" falsecount="1"/>
      <line num="456" count="59" type="cond" truecount="1" falsecount="1"/>
      <line num="457" count="59" type="stmt"/>
      <line num="458" count="50" type="cond" truecount="1" falsecount="1"/>
      <line num="460" count="59" type="stmt"/>
      <line num="462" count="0" type="cond" truecount="0" falsecount="4"/>
      <line num="463" count="0" type="stmt"/>
      <line num="464" count="0" type="stmt"/>
      <line num="465" count="0" type="cond" truecount="0" falsecount="2"/>
      <line num="466" count="0" type="stmt"/>
      <line num="467" count="0" type="cond" truecount="0" falsecount="2"/>
      <line num="471" count="0" type="stmt"/>
      <line num="474" count="0" type="stmt"/>
      <line num="476" count="11" type="stmt"/>
    </file>
    <file name="wasm-event-bus.ts" path="/media/naranyala/Data/projects-remote/exba-wasm-browser-extention/src/lib/wasm-event-bus.ts">
      <metrics statements="37" coveredstatements="37" conditionals="12" coveredconditionals="9" methods="11" coveredmethods="11"/>
      <line num="13" count="89" type="stmt"/>
      <line num="14" count="89" type="stmt"/>
      <line num="21" count="15" type="stmt"/>
      <line num="22" count="15" type="stmt"/>
      <line num="30" count="8" type="stmt"/>
      <line num="31" count="8" type="cond" truecount="1" falsecount="1"/>
      <line num="32" count="8" type="stmt"/>
      <line num="34" count="8" type="stmt"/>
      <line num="35" count="8" type="stmt"/>
      <line num="43" count="6" type="stmt"/>
      <line num="44" count="6" type="cond" truecount="1" falsecount="1"/>
      <line num="45" count="6" type="stmt"/>
      <line num="47" count="6" type="stmt"/>
      <line num="48" count="6" type="stmt"/>
      <line num="60" count="5" type="stmt"/>
      <line num="61" count="5" type="cond" truecount="1" falsecount="1"/>
      <line num="62" count="5" type="stmt"/>
      <line num="64" count="5" type="stmt"/>
      <line num="65" count="5" type="stmt"/>
      <line num="72" count="22" type="stmt"/>
      <line num="74" count="28" type="stmt"/>
      <line num="75" count="10" type="stmt"/>
      <line num="78" count="28" type="stmt"/>
      <line num="79" count="28" type="cond" truecount="2" falsecount="0"/>
      <line num="80" count="4" type="stmt"/>
      <line num="83" count="28" type="stmt"/>
      <line num="84" count="28" type="cond" truecount="2" falsecount="0"/>
      <line num="85" count="5" type="stmt"/>
      <line num="88" count="28" type="stmt"/>
      <line num="91" count="28" type="cond" truecount="2" falsecount="0"/>
      <line num="92" count="4" type="stmt"/>
      <line num="101" count="34" type="stmt"/>
      <line num="102" count="34" type="stmt"/>
      <line num="109" count="6" type="stmt"/>
      <line num="110" count="6" type="stmt"/>
      <line num="111" count="3" type="stmt"/>
      <line num="113" count="6" type="stmt"/>
    </file>
  </project>
</coverage>
