{"/media/naranyala/Data/projects-remote/exba-wasm-browser-extention/src/lib/context.ts": {"path":"/media/naranyala/Data/projects-remote/exba-wasm-browser-extention/src/lib/context.ts","statementMap":{"0":{"start":{"line":28,"column":23},"end":{"line":28,"column":null}},"1":{"start":{"line":35,"column":41},"end":{"line":35,"column":null}},"2":{"start":{"line":40,"column":21},"end":{"line":40,"column":38}},"3":{"start":{"line":55,"column":2},"end":{"line":55,"column":null}},"4":{"start":{"line":77,"column":28},"end":{"line":80,"column":null}},"5":{"start":{"line":81,"column":2},"end":{"line":81,"column":null}},"6":{"start":{"line":82,"column":17},"end":{"line":82,"column":null}},"7":{"start":{"line":83,"column":2},"end":{"line":98,"column":null}},"8":{"start":{"line":84,"column":4},"end":{"line":84,"column":null}},"9":{"start":{"line":84,"column":18},"end":{"line":84,"column":null}},"10":{"start":{"line":85,"column":4},"end":{"line":85,"column":null}},"11":{"start":{"line":86,"column":4},"end":{"line":97,"column":null}},"12":{"start":{"line":87,"column":6},"end":{"line":87,"column":null}},"13":{"start":{"line":89,"column":17},"end":{"line":89,"column":null}},"14":{"start":{"line":90,"column":6},"end":{"line":96,"column":null}},"15":{"start":{"line":91,"column":8},"end":{"line":94,"column":null}},"16":{"start":{"line":92,"column":10},"end":{"line":92,"column":null}},"17":{"start":{"line":93,"column":10},"end":{"line":93,"column":null}},"18":{"start":{"line":95,"column":8},"end":{"line":95,"column":null}},"19":{"start":{"line":116,"column":13},"end":{"line":116,"column":null}},"20":{"start":{"line":117,"column":2},"end":{"line":122,"column":null}},"21":{"start":{"line":118,"column":4},"end":{"line":120,"column":null}},"22":{"start":{"line":119,"column":6},"end":{"line":119,"column":null}},"23":{"start":{"line":121,"column":4},"end":{"line":121,"column":null}},"24":{"start":{"line":123,"column":2},"end":{"line":123,"column":null}}},"fnMap":{"0":{"name":"constructor","decl":{"start":{"line":40,"column":2},"end":{"line":40,"column":14}},"loc":{"start":{"line":40,"column":38},"end":{"line":40,"column":null}},"line":40},"1":{"name":"createContext","decl":{"start":{"line":54,"column":16},"end":{"line":54,"column":33}},"loc":{"start":{"line":54,"column":65},"end":{"line":56,"column":null}},"line":54},"2":{"name":"provideContext","decl":{"start":{"line":76,"column":16},"end":{"line":76,"column":34}},"loc":{"start":{"line":76,"column":76},"end":{"line":99,"column":null}},"line":76},"3":{"name":"(anonymous_3)","decl":{"start":{"line":83,"column":2},"end":{"line":83,"column":15}},"loc":{"start":{"line":83,"column":15},"end":{"line":98,"column":null}},"line":83},"4":{"name":"useContext","decl":{"start":{"line":115,"column":16},"end":{"line":115,"column":30}},"loc":{"start":{"line":115,"column":53},"end":{"line":124,"column":null}},"line":115}},"branchMap":{"0":{"loc":{"start":{"line":84,"column":4},"end":{"line":84,"column":null}},"type":"if","locations":[{"start":{"line":84,"column":4},"end":{"line":84,"column":null}},{"start":{},"end":{}}],"line":84},"1":{"loc":{"start":{"line":86,"column":4},"end":{"line":97,"column":null}},"type":"if","locations":[{"start":{"line":86,"column":4},"end":{"line":97,"column":null}},{"start":{"line":88,"column":11},"end":{"line":97,"column":null}}],"line":86},"2":{"loc":{"start":{"line":91,"column":8},"end":{"line":94,"column":null}},"type":"if","locations":[{"start":{"line":91,"column":8},"end":{"line":94,"column":null}},{"start":{},"end":{}}],"line":91},"3":{"loc":{"start":{"line":118,"column":4},"end":{"line":120,"column":null}},"type":"if","locations":[{"start":{"line":118,"column":4},"end":{"line":120,"column":null}},{"start":{},"end":{}}],"line":118}},"s":{"0":2,"1":2,"2":19,"3":18,"4":15,"5":15,"6":15,"7":15,"8":15,"9":1,"10":14,"11":14,"12":12,"13":2,"14":2,"15":2,"16":2,"17":2,"18":0,"19":20,"20":20,"21":18,"22":14,"23":4,"24":6},"f":{"0":19,"1":18,"2":15,"3":15,"4":20},"b":{"0":[1,14],"1":[12,2],"2":[2,0],"3":[14,4]},"meta":{"lastBranch":4,"lastFunction":5,"lastStatement":25,"seen":{"s:28:23:28:Infinity":0,"s:35:41:35:Infinity":1,"f:40:2:40:14":0,"s:40:21:40:38":2,"f:54:16:54:33":1,"s:55:2:55:Infinity":3,"f:76:16:76:34":2,"s:77:28:80:Infinity":4,"s:81:2:81:Infinity":5,"s:82:17:82:Infinity":6,"s:83:2:98:Infinity":7,"f:83:2:83:15":3,"b:84:4:84:Infinity:undefined:undefined:undefined:undefined":0,"s:84:4:84:Infinity":8,"s:84:18:84:Infinity":9,"s:85:4:85:Infinity":10,"b:86:4:97:Infinity:88:11:97:Infinity":1,"s:86:4:97:Infinity":11,"s:87:6:87:Infinity":12,"s:89:17:89:Infinity":13,"s:90:6:96:Infinity":14,"b:91:8:94:Infinity:undefined:undefined:undefined:undefined":2,"s:91:8:94:Infinity":15,"s:92:10:92:Infinity":16,"s:93:10:93:Infinity":17,"s:95:8:95:Infinity":18,"f:115:16:115:30":4,"s:116:13:116:Infinity":19,"s:117:2:122:Infinity":20,"b:118:4:120:Infinity:undefined:undefined:undefined:undefined":3,"s:118:4:120:Infinity":21,"s:119:6:119:Infinity":22,"s:121:4:121:Infinity":23,"s:123:2:123:Infinity":24},"fnNames":{}}}
,"/media/naranyala/Data/projects-remote/exba-wasm-browser-extention/src/lib/framework.ts": {"path":"/media/naranyala/Data/projects-remote/exba-wasm-browser-extention/src/lib/framework.ts","statementMap":{"0":{"start":{"line":59,"column":2},"end":{"line":61,"column":null}},"1":{"start":{"line":60,"column":4},"end":{"line":60,"column":null}},"2":{"start":{"line":73,"column":44},"end":{"line":73,"column":null}},"3":{"start":{"line":76,"column":35},"end":{"line":76,"column":null}},"4":{"start":{"line":81,"column":44},"end":{"line":81,"column":null}},"5":{"start":{"line":93,"column":4},"end":{"line":93,"column":null}},"6":{"start":{"line":94,"column":4},"end":{"line":94,"column":null}},"7":{"start":{"line":95,"column":4},"end":{"line":95,"column":null}},"8":{"start":{"line":96,"column":4},"end":{"line":96,"column":null}},"9":{"start":{"line":97,"column":4},"end":{"line":97,"column":null}},"10":{"start":{"line":100,"column":4},"end":{"line":100,"column":null}},"11":{"start":{"line":105,"column":4},"end":{"line":105,"column":null}},"12":{"start":{"line":106,"column":4},"end":{"line":106,"column":null}},"13":{"start":{"line":107,"column":4},"end":{"line":107,"column":null}},"14":{"start":{"line":112,"column":4},"end":{"line":114,"column":null}},"15":{"start":{"line":113,"column":6},"end":{"line":113,"column":null}},"16":{"start":{"line":115,"column":4},"end":{"line":115,"column":null}},"17":{"start":{"line":116,"column":4},"end":{"line":119,"column":null}},"18":{"start":{"line":117,"column":6},"end":{"line":117,"column":null}},"19":{"start":{"line":118,"column":6},"end":{"line":118,"column":null}},"20":{"start":{"line":120,"column":4},"end":{"line":120,"column":null}},"21":{"start":{"line":144,"column":4},"end":{"line":144,"column":null}},"22":{"start":{"line":152,"column":10},"end":{"line":152,"column":null}},"23":{"start":{"line":153,"column":4},"end":{"line":153,"column":null}},"24":{"start":{"line":154,"column":4},"end":{"line":154,"column":null}},"25":{"start":{"line":165,"column":10},"end":{"line":165,"column":null}},"26":{"start":{"line":166,"column":4},"end":{"line":166,"column":null}},"27":{"start":{"line":167,"column":4},"end":{"line":167,"column":null}},"28":{"start":{"line":174,"column":4},"end":{"line":174,"column":null}},"29":{"start":{"line":189,"column":4},"end":{"line":189,"column":null}},"30":{"start":{"line":197,"column":4},"end":{"line":197,"column":null}},"31":{"start":{"line":218,"column":4},"end":{"line":218,"column":null}},"32":{"start":{"line":226,"column":4},"end":{"line":226,"column":null}},"33":{"start":{"line":233,"column":15},"end":{"line":233,"column":null}},"34":{"start":{"line":234,"column":4},"end":{"line":238,"column":null}},"35":{"start":{"line":235,"column":6},"end":{"line":237,"column":null}},"36":{"start":{"line":236,"column":8},"end":{"line":236,"column":null}},"37":{"start":{"line":249,"column":15},"end":{"line":249,"column":null}},"38":{"start":{"line":250,"column":4},"end":{"line":259,"column":null}},"39":{"start":{"line":251,"column":6},"end":{"line":258,"column":null}},"40":{"start":{"line":252,"column":20},"end":{"line":252,"column":null}},"41":{"start":{"line":253,"column":8},"end":{"line":257,"column":null}},"42":{"start":{"line":254,"column":10},"end":{"line":254,"column":null}},"43":{"start":{"line":256,"column":10},"end":{"line":256,"column":null}},"44":{"start":{"line":270,"column":15},"end":{"line":270,"column":null}},"45":{"start":{"line":271,"column":4},"end":{"line":275,"column":null}},"46":{"start":{"line":272,"column":6},"end":{"line":274,"column":null}},"47":{"start":{"line":273,"column":8},"end":{"line":273,"column":null}},"48":{"start":{"line":287,"column":22},"end":{"line":287,"column":null}},"49":{"start":{"line":288,"column":4},"end":{"line":295,"column":null}},"50":{"start":{"line":289,"column":6},"end":{"line":294,"column":null}},"51":{"start":{"line":290,"column":22},"end":{"line":290,"column":null}},"52":{"start":{"line":291,"column":8},"end":{"line":293,"column":null}},"53":{"start":{"line":292,"column":32},"end":{"line":292,"column":53}},"54":{"start":{"line":320,"column":20},"end":{"line":320,"column":null}},"55":{"start":{"line":321,"column":4},"end":{"line":321,"column":null}},"56":{"start":{"line":321,"column":18},"end":{"line":321,"column":null}},"57":{"start":{"line":322,"column":4},"end":{"line":322,"column":null}},"58":{"start":{"line":344,"column":20},"end":{"line":344,"column":null}},"59":{"start":{"line":345,"column":4},"end":{"line":345,"column":null}},"60":{"start":{"line":345,"column":18},"end":{"line":345,"column":null}},"61":{"start":{"line":346,"column":4},"end":{"line":346,"column":null}},"62":{"start":{"line":364,"column":15},"end":{"line":364,"column":null}},"63":{"start":{"line":369,"column":4},"end":{"line":369,"column":null}},"64":{"start":{"line":369,"column":13},"end":{"line":369,"column":null}},"65":{"start":{"line":370,"column":4},"end":{"line":370,"column":null}},"66":{"start":{"line":388,"column":15},"end":{"line":388,"column":null}},"67":{"start":{"line":389,"column":4},"end":{"line":389,"column":null}},"68":{"start":{"line":389,"column":13},"end":{"line":389,"column":null}},"69":{"start":{"line":390,"column":4},"end":{"line":390,"column":null}},"70":{"start":{"line":397,"column":4},"end":{"line":397,"column":null}},"71":{"start":{"line":404,"column":4},"end":{"line":404,"column":null}},"72":{"start":{"line":410,"column":4},"end":{"line":410,"column":null}},"73":{"start":{"line":410,"column":16},"end":{"line":410,"column":null}},"74":{"start":{"line":411,"column":4},"end":{"line":411,"column":null}},"75":{"start":{"line":411,"column":35},"end":{"line":411,"column":null}},"76":{"start":{"line":412,"column":4},"end":{"line":412,"column":null}},"77":{"start":{"line":420,"column":16},"end":{"line":420,"column":null}},"78":{"start":{"line":421,"column":4},"end":{"line":423,"column":null}},"79":{"start":{"line":422,"column":6},"end":{"line":422,"column":null}},"80":{"start":{"line":422,"column":42},"end":{"line":422,"column":62}},"81":{"start":{"line":424,"column":4},"end":{"line":424,"column":null}},"82":{"start":{"line":431,"column":4},"end":{"line":431,"column":null}},"83":{"start":{"line":438,"column":15},"end":{"line":438,"column":null}},"84":{"start":{"line":439,"column":4},"end":{"line":448,"column":null}},"85":{"start":{"line":440,"column":12},"end":{"line":443,"column":null}},"86":{"start":{"line":441,"column":8},"end":{"line":441,"column":null}},"87":{"start":{"line":442,"column":8},"end":{"line":442,"column":null}},"88":{"start":{"line":444,"column":6},"end":{"line":444,"column":null}},"89":{"start":{"line":445,"column":6},"end":{"line":447,"column":null}},"90":{"start":{"line":446,"column":8},"end":{"line":446,"column":null}},"91":{"start":{"line":457,"column":4},"end":{"line":464,"column":null}},"92":{"start":{"line":459,"column":6},"end":{"line":462,"column":null}},"93":{"start":{"line":463,"column":6},"end":{"line":463,"column":null}},"94":{"start":{"line":469,"column":4},"end":{"line":471,"column":null}},"95":{"start":{"line":475,"column":4},"end":{"line":506,"column":null}},"96":{"start":{"line":476,"column":6},"end":{"line":494,"column":null}},"97":{"start":{"line":478,"column":47},"end":{"line":481,"column":null}},"98":{"start":{"line":482,"column":8},"end":{"line":487,"column":null}},"99":{"start":{"line":489,"column":8},"end":{"line":489,"column":null}},"100":{"start":{"line":490,"column":8},"end":{"line":490,"column":null}},"101":{"start":{"line":493,"column":8},"end":{"line":493,"column":null}},"102":{"start":{"line":497,"column":6},"end":{"line":497,"column":null}},"103":{"start":{"line":498,"column":6},"end":{"line":498,"column":null}},"104":{"start":{"line":500,"column":6},"end":{"line":500,"column":null}},"105":{"start":{"line":501,"column":6},"end":{"line":503,"column":null}},"106":{"start":{"line":511,"column":4},"end":{"line":511,"column":null}},"107":{"start":{"line":511,"column":22},"end":{"line":511,"column":null}},"108":{"start":{"line":512,"column":4},"end":{"line":514,"column":null}},"109":{"start":{"line":513,"column":6},"end":{"line":513,"column":null}},"110":{"start":{"line":515,"column":4},"end":{"line":520,"column":null}},"111":{"start":{"line":516,"column":23},"end":{"line":516,"column":null}},"112":{"start":{"line":517,"column":6},"end":{"line":517,"column":null}},"113":{"start":{"line":519,"column":6},"end":{"line":519,"column":null}},"114":{"start":{"line":525,"column":4},"end":{"line":525,"column":null}},"115":{"start":{"line":525,"column":22},"end":{"line":525,"column":null}},"116":{"start":{"line":526,"column":4},"end":{"line":526,"column":null}},"117":{"start":{"line":534,"column":4},"end":{"line":537,"column":null}},"118":{"start":{"line":535,"column":6},"end":{"line":535,"column":null}},"119":{"start":{"line":536,"column":6},"end":{"line":536,"column":null}},"120":{"start":{"line":539,"column":4},"end":{"line":541,"column":null}},"121":{"start":{"line":540,"column":6},"end":{"line":540,"column":null}},"122":{"start":{"line":545,"column":4},"end":{"line":584,"column":null}},"123":{"start":{"line":546,"column":6},"end":{"line":546,"column":null}}},"fnMap":{"0":{"name":"defineExba","decl":{"start":{"line":55,"column":16},"end":{"line":55,"column":null}},"loc":{"start":{"line":58,"column":2},"end":{"line":62,"column":null}},"line":58},"1":{"name":"constructor","decl":{"start":{"line":88,"column":2},"end":{"line":88,"column":null}},"loc":{"start":{"line":92,"column":4},"end":{"line":101,"column":null}},"line":92},"2":{"name":"connectedCallback","decl":{"start":{"line":104,"column":8},"end":{"line":104,"column":28}},"loc":{"start":{"line":104,"column":28},"end":{"line":108,"column":null}},"line":104},"3":{"name":"disconnectedCallback","decl":{"start":{"line":111,"column":2},"end":{"line":111,"column":25}},"loc":{"start":{"line":111,"column":25},"end":{"line":121,"column":null}},"line":111},"4":{"name":"setupEffects","decl":{"start":{"line":126,"column":2},"end":{"line":126,"column":17}},"loc":{"start":{"line":126,"column":17},"end":{"line":128,"column":null}},"line":126},"5":{"name":"onMounted","decl":{"start":{"line":133,"column":2},"end":{"line":133,"column":14}},"loc":{"start":{"line":133,"column":14},"end":{"line":133,"column":null}},"line":133},"6":{"name":"onUnmounted","decl":{"start":{"line":134,"column":2},"end":{"line":134,"column":16}},"loc":{"start":{"line":134,"column":16},"end":{"line":134,"column":null}},"line":134},"7":{"name":"computed","decl":{"start":{"line":143,"column":2},"end":{"line":143,"column":14}},"loc":{"start":{"line":143,"column":27},"end":{"line":145,"column":null}},"line":143},"8":{"name":"effect","decl":{"start":{"line":151,"column":2},"end":{"line":151,"column":9}},"loc":{"start":{"line":151,"column":25},"end":{"line":155,"column":null}},"line":151},"9":{"name":"watch","decl":{"start":{"line":160,"column":2},"end":{"line":160,"column":null}},"loc":{"start":{"line":164,"column":4},"end":{"line":168,"column":null}},"line":164},"10":{"name":"untrack","decl":{"start":{"line":173,"column":2},"end":{"line":173,"column":13}},"loc":{"start":{"line":173,"column":29},"end":{"line":175,"column":null}},"line":173},"11":{"name":"createStore","decl":{"start":{"line":188,"column":2},"end":{"line":188,"column":49}},"loc":{"start":{"line":188,"column":64},"end":{"line":190,"column":null}},"line":188},"12":{"name":"createRef","decl":{"start":{"line":196,"column":2},"end":{"line":196,"column":45}},"loc":{"start":{"line":196,"column":79},"end":{"line":198,"column":null}},"line":196},"13":{"name":"provideContext","decl":{"start":{"line":217,"column":2},"end":{"line":217,"column":20}},"loc":{"start":{"line":217,"column":62},"end":{"line":219,"column":null}},"line":217},"14":{"name":"useContext","decl":{"start":{"line":225,"column":2},"end":{"line":225,"column":16}},"loc":{"start":{"line":225,"column":39},"end":{"line":227,"column":null}},"line":225},"15":{"name":"bindText","decl":{"start":{"line":232,"column":2},"end":{"line":232,"column":11}},"loc":{"start":{"line":232,"column":60},"end":{"line":239,"column":null}},"line":232},"16":{"name":"(anonymous_16)","decl":{"start":{"line":235,"column":11},"end":{"line":235,"column":24}},"loc":{"start":{"line":235,"column":24},"end":{"line":237,"column":7}},"line":235},"17":{"name":"bindAttr","decl":{"start":{"line":244,"column":2},"end":{"line":244,"column":null}},"loc":{"start":{"line":248,"column":4},"end":{"line":260,"column":null}},"line":248},"18":{"name":"(anonymous_18)","decl":{"start":{"line":251,"column":11},"end":{"line":251,"column":24}},"loc":{"start":{"line":251,"column":24},"end":{"line":258,"column":7}},"line":251},"19":{"name":"bindStyle","decl":{"start":{"line":265,"column":2},"end":{"line":265,"column":null}},"loc":{"start":{"line":269,"column":4},"end":{"line":276,"column":null}},"line":269},"20":{"name":"(anonymous_20)","decl":{"start":{"line":272,"column":11},"end":{"line":272,"column":24}},"loc":{"start":{"line":272,"column":24},"end":{"line":274,"column":7}},"line":272},"21":{"name":"bindList","decl":{"start":{"line":282,"column":2},"end":{"line":282,"column":null}},"loc":{"start":{"line":286,"column":4},"end":{"line":296,"column":null}},"line":286},"22":{"name":"(anonymous_22)","decl":{"start":{"line":289,"column":11},"end":{"line":289,"column":24}},"loc":{"start":{"line":289,"column":24},"end":{"line":294,"column":7}},"line":289},"23":{"name":"(anonymous_23)","decl":{"start":{"line":292,"column":11},"end":{"line":292,"column":16}},"loc":{"start":{"line":292,"column":32},"end":{"line":292,"column":53}},"line":292},"24":{"name":"show","decl":{"start":{"line":315,"column":2},"end":{"line":315,"column":null}},"loc":{"start":{"line":319,"column":16},"end":{"line":323,"column":null}},"line":319},"25":{"name":"(anonymous_25)","decl":{"start":{"line":321,"column":18},"end":{"line":321,"column":31}},"loc":{"start":{"line":321,"column":31},"end":{"line":321,"column":null}},"line":321},"26":{"name":"for","decl":{"start":{"line":339,"column":2},"end":{"line":339,"column":null}},"loc":{"start":{"line":343,"column":16},"end":{"line":347,"column":null}},"line":343},"27":{"name":"(anonymous_27)","decl":{"start":{"line":345,"column":18},"end":{"line":345,"column":31}},"loc":{"start":{"line":345,"column":31},"end":{"line":345,"column":null}},"line":345},"28":{"name":"bindValue","decl":{"start":{"line":359,"column":2},"end":{"line":359,"column":null}},"loc":{"start":{"line":363,"column":16},"end":{"line":371,"column":null}},"line":363},"29":{"name":"(anonymous_29)","decl":{"start":{"line":369,"column":13},"end":{"line":369,"column":26}},"loc":{"start":{"line":369,"column":26},"end":{"line":369,"column":null}},"line":369},"30":{"name":"toggleClass","decl":{"start":{"line":384,"column":2},"end":{"line":384,"column":null}},"loc":{"start":{"line":387,"column":16},"end":{"line":391,"column":null}},"line":387},"31":{"name":"(anonymous_31)","decl":{"start":{"line":389,"column":13},"end":{"line":389,"column":26}},"loc":{"start":{"line":389,"column":26},"end":{"line":389,"column":null}},"line":389},"32":{"name":"$","decl":{"start":{"line":396,"column":2},"end":{"line":396,"column":4}},"loc":{"start":{"line":396,"column":42},"end":{"line":398,"column":null}},"line":396},"33":{"name":"$$","decl":{"start":{"line":403,"column":2},"end":{"line":403,"column":5}},"loc":{"start":{"line":403,"column":48},"end":{"line":405,"column":null}},"line":403},"34":{"name":"resolveMount","decl":{"start":{"line":407,"column":2},"end":{"line":407,"column":10}},"loc":{"start":{"line":409,"column":33},"end":{"line":413,"column":null}},"line":409},"35":{"name":"getModuleManifests","decl":{"start":{"line":419,"column":2},"end":{"line":419,"column":45}},"loc":{"start":{"line":419,"column":45},"end":{"line":425,"column":null}},"line":419},"36":{"name":"(anonymous_36)","decl":{"start":{"line":422,"column":13},"end":{"line":422,"column":42}},"loc":{"start":{"line":422,"column":42},"end":{"line":422,"column":62}},"line":422},"37":{"name":"validateState","decl":{"start":{"line":430,"column":2},"end":{"line":430,"column":16}},"loc":{"start":{"line":430,"column":50},"end":{"line":432,"column":null}},"line":430},"38":{"name":"on","decl":{"start":{"line":437,"column":2},"end":{"line":437,"column":5}},"loc":{"start":{"line":437,"column":67},"end":{"line":449,"column":null}},"line":437},"39":{"name":"(anonymous_39)","decl":{"start":{"line":440,"column":12},"end":{"line":440,"column":30}},"loc":{"start":{"line":440,"column":43},"end":{"line":443,"column":null}},"line":440},"40":{"name":"(anonymous_40)","decl":{"start":{"line":445,"column":24},"end":{"line":445,"column":null}},"loc":{"start":{"line":446,"column":8},"end":{"line":446,"column":null}},"line":446},"41":{"name":"attributeChangedCallback","decl":{"start":{"line":452,"column":2},"end":{"line":452,"column":null}},"loc":{"start":{"line":456,"column":4},"end":{"line":465,"column":null}},"line":456},"42":{"name":"getEngineArgs","decl":{"start":{"line":468,"column":2},"end":{"line":468,"column":25}},"loc":{"start":{"line":468,"column":25},"end":{"line":472,"column":null}},"line":468},"43":{"name":"init","decl":{"start":{"line":474,"column":8},"end":{"line":474,"column":15}},"loc":{"start":{"line":474,"column":15},"end":{"line":507,"column":null}},"line":474},"44":{"name":"syncStateFromRust","decl":{"start":{"line":510,"column":2},"end":{"line":510,"column":22}},"loc":{"start":{"line":510,"column":22},"end":{"line":521,"column":null}},"line":510},"45":{"name":"syncStateToRust","decl":{"start":{"line":524,"column":2},"end":{"line":524,"column":20}},"loc":{"start":{"line":524,"column":20},"end":{"line":527,"column":null}},"line":524},"46":{"name":"render","decl":{"start":{"line":533,"column":2},"end":{"line":533,"column":11}},"loc":{"start":{"line":533,"column":11},"end":{"line":542,"column":null}},"line":533},"47":{"name":"renderSkeleton","decl":{"start":{"line":544,"column":2},"end":{"line":544,"column":19}},"loc":{"start":{"line":544,"column":19},"end":{"line":585,"column":null}},"line":544},"48":{"name":"bindEvents","decl":{"start":{"line":588,"column":2},"end":{"line":588,"column":15}},"loc":{"start":{"line":588,"column":15},"end":{"line":590,"column":null}},"line":588}},"branchMap":{"0":{"loc":{"start":{"line":59,"column":2},"end":{"line":61,"column":null}},"type":"if","locations":[{"start":{"line":59,"column":2},"end":{"line":61,"column":null}},{"start":{},"end":{}}],"line":59},"1":{"loc":{"start":{"line":91,"column":4},"end":{"line":91,"column":null}},"type":"default-arg","locations":[{"start":{"line":91,"column":25},"end":{"line":91,"column":null}}],"line":91},"2":{"loc":{"start":{"line":116,"column":4},"end":{"line":119,"column":null}},"type":"if","locations":[{"start":{"line":116,"column":4},"end":{"line":119,"column":null}},{"start":{},"end":{}}],"line":116},"3":{"loc":{"start":{"line":196,"column":45},"end":{"line":196,"column":79}},"type":"default-arg","locations":[{"start":{"line":196,"column":65},"end":{"line":196,"column":79}}],"line":196},"4":{"loc":{"start":{"line":234,"column":4},"end":{"line":238,"column":null}},"type":"if","locations":[{"start":{"line":234,"column":4},"end":{"line":238,"column":null}},{"start":{},"end":{}}],"line":234},"5":{"loc":{"start":{"line":250,"column":4},"end":{"line":259,"column":null}},"type":"if","locations":[{"start":{"line":250,"column":4},"end":{"line":259,"column":null}},{"start":{},"end":{}}],"line":250},"6":{"loc":{"start":{"line":253,"column":8},"end":{"line":257,"column":null}},"type":"if","locations":[{"start":{"line":253,"column":8},"end":{"line":257,"column":null}},{"start":{"line":255,"column":15},"end":{"line":257,"column":null}}],"line":253},"7":{"loc":{"start":{"line":253,"column":12},"end":{"line":253,"column":43}},"type":"binary-expr","locations":[{"start":{"line":253,"column":12},"end":{"line":253,"column":28}},{"start":{"line":253,"column":28},"end":{"line":253,"column":43}}],"line":253},"8":{"loc":{"start":{"line":271,"column":4},"end":{"line":275,"column":null}},"type":"if","locations":[{"start":{"line":271,"column":4},"end":{"line":275,"column":null}},{"start":{},"end":{}}],"line":271},"9":{"loc":{"start":{"line":288,"column":4},"end":{"line":295,"column":null}},"type":"if","locations":[{"start":{"line":288,"column":4},"end":{"line":295,"column":null}},{"start":{},"end":{}}],"line":288},"10":{"loc":{"start":{"line":290,"column":22},"end":{"line":290,"column":null}},"type":"binary-expr","locations":[{"start":{"line":290,"column":22},"end":{"line":290,"column":50}},{"start":{"line":290,"column":50},"end":{"line":290,"column":null}}],"line":290},"11":{"loc":{"start":{"line":321,"column":4},"end":{"line":321,"column":null}},"type":"if","locations":[{"start":{"line":321,"column":4},"end":{"line":321,"column":null}},{"start":{},"end":{}}],"line":321},"12":{"loc":{"start":{"line":345,"column":4},"end":{"line":345,"column":null}},"type":"if","locations":[{"start":{"line":345,"column":4},"end":{"line":345,"column":null}},{"start":{},"end":{}}],"line":345},"13":{"loc":{"start":{"line":369,"column":4},"end":{"line":369,"column":null}},"type":"if","locations":[{"start":{"line":369,"column":4},"end":{"line":369,"column":null}},{"start":{},"end":{}}],"line":369},"14":{"loc":{"start":{"line":389,"column":4},"end":{"line":389,"column":null}},"type":"if","locations":[{"start":{"line":389,"column":4},"end":{"line":389,"column":null}},{"start":{},"end":{}}],"line":389},"15":{"loc":{"start":{"line":397,"column":11},"end":{"line":397,"column":null}},"type":"binary-expr","locations":[{"start":{"line":397,"column":11},"end":{"line":397,"column":55}},{"start":{"line":397,"column":55},"end":{"line":397,"column":null}}],"line":397},"16":{"loc":{"start":{"line":404,"column":11},"end":{"line":404,"column":null}},"type":"binary-expr","locations":[{"start":{"line":404,"column":11},"end":{"line":404,"column":59}},{"start":{"line":404,"column":59},"end":{"line":404,"column":null}}],"line":404},"17":{"loc":{"start":{"line":410,"column":4},"end":{"line":410,"column":null}},"type":"if","locations":[{"start":{"line":410,"column":4},"end":{"line":410,"column":null}},{"start":{},"end":{}}],"line":410},"18":{"loc":{"start":{"line":410,"column":23},"end":{"line":410,"column":null}},"type":"binary-expr","locations":[{"start":{"line":410,"column":23},"end":{"line":410,"column":42}},{"start":{"line":410,"column":42},"end":{"line":410,"column":null}}],"line":410},"19":{"loc":{"start":{"line":411,"column":4},"end":{"line":411,"column":null}},"type":"if","locations":[{"start":{"line":411,"column":4},"end":{"line":411,"column":null}},{"start":{},"end":{}}],"line":411},"20":{"loc":{"start":{"line":421,"column":4},"end":{"line":423,"column":null}},"type":"if","locations":[{"start":{"line":421,"column":4},"end":{"line":423,"column":null}},{"start":{},"end":{}}],"line":421},"21":{"loc":{"start":{"line":439,"column":4},"end":{"line":448,"column":null}},"type":"if","locations":[{"start":{"line":439,"column":4},"end":{"line":448,"column":null}},{"start":{},"end":{}}],"line":439},"22":{"loc":{"start":{"line":457,"column":4},"end":{"line":464,"column":null}},"type":"if","locations":[{"start":{"line":457,"column":4},"end":{"line":464,"column":null}},{"start":{},"end":{}}],"line":457},"23":{"loc":{"start":{"line":457,"column":8},"end":{"line":457,"column":46}},"type":"binary-expr","locations":[{"start":{"line":457,"column":8},"end":{"line":457,"column":33}},{"start":{"line":457,"column":33},"end":{"line":457,"column":46}}],"line":457},"24":{"loc":{"start":{"line":469,"column":11},"end":{"line":471,"column":null}},"type":"cond-expr","locations":[{"start":{"line":470,"column":8},"end":{"line":470,"column":null}},{"start":{"line":471,"column":8},"end":{"line":471,"column":null}}],"line":469},"25":{"loc":{"start":{"line":471,"column":9},"end":{"line":471,"column":55}},"type":"binary-expr","locations":[{"start":{"line":471,"column":9},"end":{"line":471,"column":39}},{"start":{"line":471,"column":39},"end":{"line":471,"column":55}}],"line":471},"26":{"loc":{"start":{"line":476,"column":6},"end":{"line":494,"column":null}},"type":"if","locations":[{"start":{"line":476,"column":6},"end":{"line":494,"column":null}},{"start":{},"end":{}}],"line":476},"27":{"loc":{"start":{"line":503,"column":54},"end":{"line":503,"column":null}},"type":"cond-expr","locations":[{"start":{"line":503,"column":79},"end":{"line":503,"column":95}},{"start":{"line":503,"column":95},"end":{"line":503,"column":null}}],"line":503},"28":{"loc":{"start":{"line":511,"column":4},"end":{"line":511,"column":null}},"type":"if","locations":[{"start":{"line":511,"column":4},"end":{"line":511,"column":null}},{"start":{},"end":{}}],"line":511},"29":{"loc":{"start":{"line":512,"column":4},"end":{"line":514,"column":null}},"type":"if","locations":[{"start":{"line":512,"column":4},"end":{"line":514,"column":null}},{"start":{},"end":{}}],"line":512},"30":{"loc":{"start":{"line":525,"column":4},"end":{"line":525,"column":null}},"type":"if","locations":[{"start":{"line":525,"column":4},"end":{"line":525,"column":null}},{"start":{},"end":{}}],"line":525},"31":{"loc":{"start":{"line":534,"column":4},"end":{"line":537,"column":null}},"type":"if","locations":[{"start":{"line":534,"column":4},"end":{"line":537,"column":null}},{"start":{},"end":{}}],"line":534},"32":{"loc":{"start":{"line":539,"column":4},"end":{"line":541,"column":null}},"type":"if","locations":[{"start":{"line":539,"column":4},"end":{"line":541,"column":null}},{"start":{},"end":{}}],"line":539},"33":{"loc":{"start":{"line":545,"column":4},"end":{"line":584,"column":null}},"type":"if","locations":[{"start":{"line":545,"column":4},"end":{"line":584,"column":null}},{"start":{},"end":{}}],"line":545}},"s":{"0":1,"1":1,"2":24,"3":24,"4":24,"5":24,"6":24,"7":24,"8":24,"9":24,"10":24,"11":24,"12":24,"13":24,"14":25,"15":10,"16":25,"17":25,"18":24,"19":24,"20":25,"21":1,"22":8,"23":8,"24":8,"25":1,"26":1,"27":1,"28":1,"29":1,"30":1,"31":1,"32":1,"33":1,"34":1,"35":1,"36":2,"37":2,"38":2,"39":2,"40":7,"41":7,"42":2,"43":5,"44":1,"45":1,"46":1,"47":2,"48":1,"49":1,"50":1,"51":1,"52":1,"53":2,"54":1,"55":1,"56":0,"57":1,"58":1,"59":1,"60":0,"61":1,"62":1,"63":1,"64":0,"65":1,"66":1,"67":1,"68":0,"69":1,"70":21,"71":1,"72":2,"73":0,"74":2,"75":2,"76":0,"77":1,"78":1,"79":1,"80":1,"81":0,"82":1,"83":1,"84":1,"85":1,"86":1,"87":1,"88":1,"89":1,"90":1,"91":1,"92":1,"93":1,"94":24,"95":24,"96":24,"97":24,"98":24,"99":24,"100":24,"101":24,"102":24,"103":24,"104":0,"105":0,"106":25,"107":0,"108":25,"109":25,"110":25,"111":25,"112":25,"113":0,"114":3,"115":0,"116":3,"117":24,"118":0,"119":0,"120":24,"121":24,"122":0,"123":0},"f":{"0":1,"1":24,"2":24,"3":25,"4":0,"5":24,"6":0,"7":1,"8":8,"9":1,"10":1,"11":1,"12":1,"13":1,"14":1,"15":1,"16":2,"17":2,"18":7,"19":1,"20":2,"21":1,"22":1,"23":2,"24":1,"25":0,"26":1,"27":0,"28":1,"29":0,"30":1,"31":0,"32":21,"33":1,"34":2,"35":1,"36":1,"37":1,"38":1,"39":1,"40":1,"41":1,"42":24,"43":24,"44":25,"45":3,"46":24,"47":0,"48":24},"b":{"0":[1,0],"1":[24],"2":[24,1],"3":[1],"4":[1,0],"5":[2,0],"6":[2,5],"7":[7,5],"8":[1,0],"9":[1,0],"10":[1,0],"11":[0,1],"12":[0,1],"13":[0,1],"14":[0,1],"15":[21,0],"16":[1,0],"17":[0,2],"18":[0,0],"19":[2,0],"20":[1,0],"21":[1,0],"22":[1,0],"23":[1,1],"24":[24,0],"25":[0,0],"26":[24,0],"27":[0,0],"28":[0,25],"29":[25,0],"30":[0,3],"31":[0,24],"32":[24,0],"33":[0,0]},"meta":{"lastBranch":34,"lastFunction":49,"lastStatement":124,"seen":{"f:55:16:55:Infinity":0,"b:59:2:61:Infinity:undefined:undefined:undefined:undefined":0,"s:59:2:61:Infinity":0,"s:60:4:60:Infinity":1,"s:73:44:73:Infinity":2,"s:76:35:76:Infinity":3,"s:81:44:81:Infinity":4,"f:88:2:88:Infinity":1,"b:91:25:91:Infinity":1,"s:93:4:93:Infinity":5,"s:94:4:94:Infinity":6,"s:95:4:95:Infinity":7,"s:96:4:96:Infinity":8,"s:97:4:97:Infinity":9,"s:100:4:100:Infinity":10,"f:104:8:104:28":2,"s:105:4:105:Infinity":11,"s:106:4:106:Infinity":12,"s:107:4:107:Infinity":13,"f:111:2:111:25":3,"s:112:4:114:Infinity":14,"s:113:6:113:Infinity":15,"s:115:4:115:Infinity":16,"b:116:4:119:Infinity:undefined:undefined:undefined:undefined":2,"s:116:4:119:Infinity":17,"s:117:6:117:Infinity":18,"s:118:6:118:Infinity":19,"s:120:4:120:Infinity":20,"f:126:2:126:17":4,"f:133:2:133:14":5,"f:134:2:134:16":6,"f:143:2:143:14":7,"s:144:4:144:Infinity":21,"f:151:2:151:9":8,"s:152:10:152:Infinity":22,"s:153:4:153:Infinity":23,"s:154:4:154:Infinity":24,"f:160:2:160:Infinity":9,"s:165:10:165:Infinity":25,"s:166:4:166:Infinity":26,"s:167:4:167:Infinity":27,"f:173:2:173:13":10,"s:174:4:174:Infinity":28,"f:188:2:188:49":11,"s:189:4:189:Infinity":29,"f:196:2:196:45":12,"b:196:65:196:79":3,"s:197:4:197:Infinity":30,"f:217:2:217:20":13,"s:218:4:218:Infinity":31,"f:225:2:225:16":14,"s:226:4:226:Infinity":32,"f:232:2:232:11":15,"s:233:15:233:Infinity":33,"b:234:4:238:Infinity:undefined:undefined:undefined:undefined":4,"s:234:4:238:Infinity":34,"s:235:6:237:Infinity":35,"f:235:11:235:24":16,"s:236:8:236:Infinity":36,"f:244:2:244:Infinity":17,"s:249:15:249:Infinity":37,"b:250:4:259:Infinity:undefined:undefined:undefined:undefined":5,"s:250:4:259:Infinity":38,"s:251:6:258:Infinity":39,"f:251:11:251:24":18,"s:252:20:252:Infinity":40,"b:253:8:257:Infinity:255:15:257:Infinity":6,"s:253:8:257:Infinity":41,"b:253:12:253:28:253:28:253:43":7,"s:254:10:254:Infinity":42,"s:256:10:256:Infinity":43,"f:265:2:265:Infinity":19,"s:270:15:270:Infinity":44,"b:271:4:275:Infinity:undefined:undefined:undefined:undefined":8,"s:271:4:275:Infinity":45,"s:272:6:274:Infinity":46,"f:272:11:272:24":20,"s:273:8:273:Infinity":47,"f:282:2:282:Infinity":21,"s:287:22:287:Infinity":48,"b:288:4:295:Infinity:undefined:undefined:undefined:undefined":9,"s:288:4:295:Infinity":49,"s:289:6:294:Infinity":50,"f:289:11:289:24":22,"s:290:22:290:Infinity":51,"b:290:22:290:50:290:50:290:Infinity":10,"s:291:8:293:Infinity":52,"f:292:11:292:16":23,"s:292:32:292:53":53,"f:315:2:315:Infinity":24,"s:320:20:320:Infinity":54,"b:321:4:321:Infinity:undefined:undefined:undefined:undefined":11,"s:321:4:321:Infinity":55,"s:321:18:321:Infinity":56,"f:321:18:321:31":25,"s:322:4:322:Infinity":57,"f:339:2:339:Infinity":26,"s:344:20:344:Infinity":58,"b:345:4:345:Infinity:undefined:undefined:undefined:undefined":12,"s:345:4:345:Infinity":59,"s:345:18:345:Infinity":60,"f:345:18:345:31":27,"s:346:4:346:Infinity":61,"f:359:2:359:Infinity":28,"s:364:15:364:Infinity":62,"b:369:4:369:Infinity:undefined:undefined:undefined:undefined":13,"s:369:4:369:Infinity":63,"s:369:13:369:Infinity":64,"f:369:13:369:26":29,"s:370:4:370:Infinity":65,"f:384:2:384:Infinity":30,"s:388:15:388:Infinity":66,"b:389:4:389:Infinity:undefined:undefined:undefined:undefined":14,"s:389:4:389:Infinity":67,"s:389:13:389:Infinity":68,"f:389:13:389:26":31,"s:390:4:390:Infinity":69,"f:396:2:396:4":32,"s:397:4:397:Infinity":70,"b:397:11:397:55:397:55:397:Infinity":15,"f:403:2:403:5":33,"s:404:4:404:Infinity":71,"b:404:11:404:59:404:59:404:Infinity":16,"f:407:2:407:10":34,"b:410:4:410:Infinity:undefined:undefined:undefined:undefined":17,"s:410:4:410:Infinity":72,"s:410:16:410:Infinity":73,"b:410:23:410:42:410:42:410:Infinity":18,"b:411:4:411:Infinity:undefined:undefined:undefined:undefined":19,"s:411:4:411:Infinity":74,"s:411:35:411:Infinity":75,"s:412:4:412:Infinity":76,"f:419:2:419:45":35,"s:420:16:420:Infinity":77,"b:421:4:423:Infinity:undefined:undefined:undefined:undefined":20,"s:421:4:423:Infinity":78,"s:422:6:422:Infinity":79,"f:422:13:422:42":36,"s:422:42:422:62":80,"s:424:4:424:Infinity":81,"f:430:2:430:16":37,"s:431:4:431:Infinity":82,"f:437:2:437:5":38,"s:438:15:438:Infinity":83,"b:439:4:448:Infinity:undefined:undefined:undefined:undefined":21,"s:439:4:448:Infinity":84,"s:440:12:443:Infinity":85,"f:440:12:440:30":39,"s:441:8:441:Infinity":86,"s:442:8:442:Infinity":87,"s:444:6:444:Infinity":88,"s:445:6:447:Infinity":89,"f:445:24:445:Infinity":40,"s:446:8:446:Infinity":90,"f:452:2:452:Infinity":41,"b:457:4:464:Infinity:undefined:undefined:undefined:undefined":22,"s:457:4:464:Infinity":91,"b:457:8:457:33:457:33:457:46":23,"s:459:6:462:Infinity":92,"s:463:6:463:Infinity":93,"f:468:2:468:25":42,"s:469:4:471:Infinity":94,"b:470:8:470:Infinity:471:8:471:Infinity":24,"b:471:9:471:39:471:39:471:55":25,"f:474:8:474:15":43,"s:475:4:506:Infinity":95,"b:476:6:494:Infinity:undefined:undefined:undefined:undefined":26,"s:476:6:494:Infinity":96,"s:478:47:481:Infinity":97,"s:482:8:487:Infinity":98,"s:489:8:489:Infinity":99,"s:490:8:490:Infinity":100,"s:493:8:493:Infinity":101,"s:497:6:497:Infinity":102,"s:498:6:498:Infinity":103,"s:500:6:500:Infinity":104,"s:501:6:503:Infinity":105,"b:503:79:503:95:503:95:503:Infinity":27,"f:510:2:510:22":44,"b:511:4:511:Infinity:undefined:undefined:undefined:undefined":28,"s:511:4:511:Infinity":106,"s:511:22:511:Infinity":107,"b:512:4:514:Infinity:undefined:undefined:undefined:undefined":29,"s:512:4:514:Infinity":108,"s:513:6:513:Infinity":109,"s:515:4:520:Infinity":110,"s:516:23:516:Infinity":111,"s:517:6:517:Infinity":112,"s:519:6:519:Infinity":113,"f:524:2:524:20":45,"b:525:4:525:Infinity:undefined:undefined:undefined:undefined":30,"s:525:4:525:Infinity":114,"s:525:22:525:Infinity":115,"s:526:4:526:Infinity":116,"f:533:2:533:11":46,"b:534:4:537:Infinity:undefined:undefined:undefined:undefined":31,"s:534:4:537:Infinity":117,"s:535:6:535:Infinity":118,"s:536:6:536:Infinity":119,"b:539:4:541:Infinity:undefined:undefined:undefined:undefined":32,"s:539:4:541:Infinity":120,"s:540:6:540:Infinity":121,"f:544:2:544:19":47,"b:545:4:584:Infinity:undefined:undefined:undefined:undefined":33,"s:545:4:584:Infinity":122,"s:546:6:546:Infinity":123,"f:588:2:588:15":48},"fnNames":{}}}
,"/media/naranyala/Data/projects-remote/exba-wasm-browser-extention/src/lib/reactivity.ts": {"path":"/media/naranyala/Data/projects-remote/exba-wasm-browser-extention/src/lib/reactivity.ts","statementMap":{"0":{"start":{"line":6,"column":42},"end":{"line":6,"column":null}},"1":{"start":{"line":7,"column":15},"end":{"line":7,"column":null}},"2":{"start":{"line":8,"column":27},"end":{"line":8,"column":null}},"3":{"start":{"line":15,"column":26},"end":{"line":15,"column":null}},"4":{"start":{"line":18,"column":4},"end":{"line":18,"column":null}},"5":{"start":{"line":22,"column":4},"end":{"line":25,"column":null}},"6":{"start":{"line":23,"column":6},"end":{"line":23,"column":null}},"7":{"start":{"line":24,"column":6},"end":{"line":24,"column":null}},"8":{"start":{"line":26,"column":4},"end":{"line":26,"column":null}},"9":{"start":{"line":30,"column":4},"end":{"line":33,"column":null}},"10":{"start":{"line":31,"column":6},"end":{"line":31,"column":null}},"11":{"start":{"line":32,"column":6},"end":{"line":32,"column":null}},"12":{"start":{"line":37,"column":4},"end":{"line":37,"column":null}},"13":{"start":{"line":41,"column":4},"end":{"line":41,"column":null}},"14":{"start":{"line":45,"column":4},"end":{"line":45,"column":null}},"15":{"start":{"line":49,"column":4},"end":{"line":54,"column":null}},"16":{"start":{"line":50,"column":6},"end":{"line":52,"column":null}},"17":{"start":{"line":51,"column":8},"end":{"line":51,"column":null}},"18":{"start":{"line":53,"column":6},"end":{"line":53,"column":null}},"19":{"start":{"line":55,"column":17},"end":{"line":55,"column":null}},"20":{"start":{"line":56,"column":4},"end":{"line":58,"column":null}},"21":{"start":{"line":57,"column":6},"end":{"line":57,"column":null}},"22":{"start":{"line":62,"column":4},"end":{"line":62,"column":null}},"23":{"start":{"line":67,"column":22},"end":{"line":67,"column":41}},"24":{"start":{"line":69,"column":4},"end":{"line":69,"column":null}},"25":{"start":{"line":72,"column":4},"end":{"line":72,"column":null}},"26":{"start":{"line":78,"column":18},"end":{"line":78,"column":null}},"27":{"start":{"line":79,"column":47},"end":{"line":79,"column":null}},"28":{"start":{"line":82,"column":4},"end":{"line":82,"column":null}},"29":{"start":{"line":83,"column":4},"end":{"line":83,"column":null}},"30":{"start":{"line":84,"column":4},"end":{"line":88,"column":null}},"31":{"start":{"line":85,"column":6},"end":{"line":85,"column":null}},"32":{"start":{"line":86,"column":6},"end":{"line":86,"column":null}},"33":{"start":{"line":87,"column":6},"end":{"line":87,"column":null}},"34":{"start":{"line":92,"column":4},"end":{"line":95,"column":null}},"35":{"start":{"line":93,"column":6},"end":{"line":93,"column":null}},"36":{"start":{"line":94,"column":6},"end":{"line":94,"column":null}},"37":{"start":{"line":96,"column":4},"end":{"line":99,"column":null}},"38":{"start":{"line":97,"column":6},"end":{"line":97,"column":null}},"39":{"start":{"line":98,"column":6},"end":{"line":98,"column":null}},"40":{"start":{"line":100,"column":4},"end":{"line":100,"column":null}},"41":{"start":{"line":104,"column":4},"end":{"line":104,"column":null}},"42":{"start":{"line":109,"column":2},"end":{"line":109,"column":null}},"43":{"start":{"line":113,"column":2},"end":{"line":113,"column":null}},"44":{"start":{"line":117,"column":23},"end":{"line":117,"column":null}},"45":{"start":{"line":118,"column":2},"end":{"line":118,"column":null}},"46":{"start":{"line":119,"column":2},"end":{"line":130,"column":null}},"47":{"start":{"line":120,"column":4},"end":{"line":120,"column":null}},"48":{"start":{"line":122,"column":4},"end":{"line":122,"column":null}},"49":{"start":{"line":123,"column":4},"end":{"line":129,"column":null}},"50":{"start":{"line":124,"column":19},"end":{"line":124,"column":null}},"51":{"start":{"line":125,"column":6},"end":{"line":125,"column":null}},"52":{"start":{"line":126,"column":6},"end":{"line":128,"column":null}},"53":{"start":{"line":127,"column":8},"end":{"line":127,"column":null}},"54":{"start":{"line":134,"column":33},"end":{"line":149,"column":null}},"55":{"start":{"line":137,"column":6},"end":{"line":139,"column":null}},"56":{"start":{"line":138,"column":8},"end":{"line":138,"column":null}},"57":{"start":{"line":140,"column":6},"end":{"line":140,"column":null}},"58":{"start":{"line":141,"column":29},"end":{"line":141,"column":null}},"59":{"start":{"line":142,"column":6},"end":{"line":142,"column":null}},"60":{"start":{"line":143,"column":6},"end":{"line":147,"column":null}},"61":{"start":{"line":144,"column":8},"end":{"line":144,"column":null}},"62":{"start":{"line":146,"column":8},"end":{"line":146,"column":null}},"63":{"start":{"line":150,"column":2},"end":{"line":150,"column":null}},"64":{"start":{"line":151,"column":2},"end":{"line":156,"column":null}},"65":{"start":{"line":152,"column":4},"end":{"line":154,"column":null}},"66":{"start":{"line":153,"column":6},"end":{"line":153,"column":null}},"67":{"start":{"line":155,"column":4},"end":{"line":155,"column":null}},"68":{"start":{"line":165,"column":17},"end":{"line":165,"column":null}},"69":{"start":{"line":166,"column":15},"end":{"line":178,"column":null}},"70":{"start":{"line":167,"column":19},"end":{"line":167,"column":null}},"71":{"start":{"line":168,"column":4},"end":{"line":173,"column":null}},"72":{"start":{"line":169,"column":6},"end":{"line":169,"column":null}},"73":{"start":{"line":170,"column":6},"end":{"line":170,"column":null}},"74":{"start":{"line":171,"column":6},"end":{"line":171,"column":null}},"75":{"start":{"line":171,"column":29},"end":{"line":171,"column":null}},"76":{"start":{"line":172,"column":6},"end":{"line":172,"column":null}},"77":{"start":{"line":174,"column":4},"end":{"line":177,"column":null}},"78":{"start":{"line":175,"column":6},"end":{"line":175,"column":null}},"79":{"start":{"line":176,"column":6},"end":{"line":176,"column":null}},"80":{"start":{"line":179,"column":2},"end":{"line":179,"column":null}},"81":{"start":{"line":196,"column":15},"end":{"line":196,"column":null}},"82":{"start":{"line":197,"column":2},"end":{"line":197,"column":null}},"83":{"start":{"line":198,"column":2},"end":{"line":202,"column":null}},"84":{"start":{"line":199,"column":4},"end":{"line":199,"column":null}},"85":{"start":{"line":201,"column":4},"end":{"line":201,"column":null}},"86":{"start":{"line":230,"column":18},"end":{"line":230,"column":null}},"87":{"start":{"line":231,"column":19},"end":{"line":231,"column":null}},"88":{"start":{"line":233,"column":8},"end":{"line":238,"column":null}},"89":{"start":{"line":234,"column":4},"end":{"line":236,"column":null}},"90":{"start":{"line":235,"column":6},"end":{"line":235,"column":null}},"91":{"start":{"line":237,"column":4},"end":{"line":237,"column":null}},"92":{"start":{"line":240,"column":2},"end":{"line":267,"column":null}},"93":{"start":{"line":242,"column":6},"end":{"line":242,"column":null}},"94":{"start":{"line":242,"column":35},"end":{"line":242,"column":null}},"95":{"start":{"line":243,"column":6},"end":{"line":243,"column":null}},"96":{"start":{"line":246,"column":6},"end":{"line":249,"column":null}},"97":{"start":{"line":247,"column":8},"end":{"line":247,"column":null}},"98":{"start":{"line":248,"column":8},"end":{"line":248,"column":null}},"99":{"start":{"line":250,"column":18},"end":{"line":250,"column":null}},"100":{"start":{"line":251,"column":6},"end":{"line":254,"column":null}},"101":{"start":{"line":252,"column":8},"end":{"line":252,"column":null}},"102":{"start":{"line":253,"column":8},"end":{"line":253,"column":null}},"103":{"start":{"line":255,"column":6},"end":{"line":255,"column":null}},"104":{"start":{"line":258,"column":6},"end":{"line":258,"column":null}},"105":{"start":{"line":258,"column":56},"end":{"line":258,"column":null}},"106":{"start":{"line":259,"column":6},"end":{"line":259,"column":null}},"107":{"start":{"line":262,"column":6},"end":{"line":262,"column":null}},"108":{"start":{"line":265,"column":6},"end":{"line":265,"column":null}}},"fnMap":{"0":{"name":"constructor","decl":{"start":{"line":17,"column":2},"end":{"line":17,"column":14}},"loc":{"start":{"line":17,"column":24},"end":{"line":19,"column":null}},"line":17},"1":{"name":"value","decl":{"start":{"line":21,"column":6},"end":{"line":21,"column":17}},"loc":{"start":{"line":21,"column":17},"end":{"line":27,"column":null}},"line":21},"2":{"name":"value_2","decl":{"start":{"line":29,"column":6},"end":{"line":29,"column":12}},"loc":{"start":{"line":29,"column":25},"end":{"line":34,"column":null}},"line":29},"3":{"name":"peek","decl":{"start":{"line":36,"column":2},"end":{"line":36,"column":12}},"loc":{"start":{"line":36,"column":12},"end":{"line":38,"column":null}},"line":36},"4":{"name":"update","decl":{"start":{"line":40,"column":2},"end":{"line":40,"column":9}},"loc":{"start":{"line":40,"column":28},"end":{"line":42,"column":null}},"line":40},"5":{"name":"unsubscribe","decl":{"start":{"line":44,"column":2},"end":{"line":44,"column":14}},"loc":{"start":{"line":44,"column":38},"end":{"line":46,"column":null}},"line":44},"6":{"name":"notify","decl":{"start":{"line":48,"column":2},"end":{"line":48,"column":12}},"loc":{"start":{"line":48,"column":21},"end":{"line":59,"column":null}},"line":48},"7":{"name":"asReadonly","decl":{"start":{"line":61,"column":2},"end":{"line":61,"column":34}},"loc":{"start":{"line":61,"column":34},"end":{"line":63,"column":null}},"line":61},"8":{"name":"constructor_2","decl":{"start":{"line":67,"column":2},"end":{"line":67,"column":14}},"loc":{"start":{"line":67,"column":41},"end":{"line":67,"column":null}},"line":67},"9":{"name":"value_3","decl":{"start":{"line":68,"column":6},"end":{"line":68,"column":17}},"loc":{"start":{"line":68,"column":17},"end":{"line":70,"column":null}},"line":68},"10":{"name":"peek_2","decl":{"start":{"line":71,"column":2},"end":{"line":71,"column":12}},"loc":{"start":{"line":71,"column":12},"end":{"line":73,"column":null}},"line":71},"11":{"name":"constructor_3","decl":{"start":{"line":81,"column":2},"end":{"line":81,"column":14}},"loc":{"start":{"line":81,"column":27},"end":{"line":89,"column":null}},"line":81},"12":{"name":"(anonymous_12)","decl":{"start":{"line":84,"column":25},"end":{"line":84,"column":38}},"loc":{"start":{"line":84,"column":38},"end":{"line":88,"column":5}},"line":84},"13":{"name":"value_4","decl":{"start":{"line":91,"column":6},"end":{"line":91,"column":17}},"loc":{"start":{"line":91,"column":17},"end":{"line":101,"column":null}},"line":91},"14":{"name":"value_5","decl":{"start":{"line":103,"column":6},"end":{"line":103,"column":12}},"loc":{"start":{"line":103,"column":19},"end":{"line":105,"column":null}},"line":103},"15":{"name":"signal","decl":{"start":{"line":108,"column":16},"end":{"line":108,"column":26}},"loc":{"start":{"line":108,"column":47},"end":{"line":110,"column":null}},"line":108},"16":{"name":"computed","decl":{"start":{"line":112,"column":16},"end":{"line":112,"column":28}},"loc":{"start":{"line":112,"column":54},"end":{"line":114,"column":null}},"line":112},"17":{"name":"batch","decl":{"start":{"line":116,"column":16},"end":{"line":116,"column":22}},"loc":{"start":{"line":116,"column":38},"end":{"line":131,"column":null}},"line":116},"18":{"name":"effect","decl":{"start":{"line":133,"column":16},"end":{"line":133,"column":23}},"loc":{"start":{"line":133,"column":51},"end":{"line":157,"column":null}},"line":133},"19":{"name":"run","decl":{"start":{"line":136,"column":4},"end":{"line":136,"column":10}},"loc":{"start":{"line":136,"column":10},"end":{"line":148,"column":null}},"line":136},"20":{"name":"(anonymous_20)","decl":{"start":{"line":151,"column":2},"end":{"line":151,"column":15}},"loc":{"start":{"line":151,"column":15},"end":{"line":156,"column":null}},"line":151},"21":{"name":"watch","decl":{"start":{"line":159,"column":16},"end":{"line":159,"column":null}},"loc":{"start":{"line":163,"column":2},"end":{"line":180,"column":null}},"line":163},"22":{"name":"(anonymous_22)","decl":{"start":{"line":166,"column":15},"end":{"line":166,"column":28}},"loc":{"start":{"line":166,"column":28},"end":{"line":178,"column":3}},"line":166},"23":{"name":"untrack","decl":{"start":{"line":195,"column":16},"end":{"line":195,"column":27}},"loc":{"start":{"line":195,"column":43},"end":{"line":203,"column":null}},"line":195},"24":{"name":"createStore","decl":{"start":{"line":229,"column":16},"end":{"line":229,"column":63}},"loc":{"start":{"line":229,"column":78},"end":{"line":268,"column":null}},"line":229},"25":{"name":"(anonymous_25)","decl":{"start":{"line":233,"column":8},"end":{"line":233,"column":21}},"loc":{"start":{"line":233,"column":50},"end":{"line":238,"column":null}},"line":233},"26":{"name":"get","decl":{"start":{"line":241,"column":4},"end":{"line":241,"column":8}},"loc":{"start":{"line":241,"column":39},"end":{"line":244,"column":null}},"line":241},"27":{"name":"set","decl":{"start":{"line":245,"column":4},"end":{"line":245,"column":8}},"loc":{"start":{"line":245,"column":55},"end":{"line":256,"column":null}},"line":245},"28":{"name":"has","decl":{"start":{"line":257,"column":4},"end":{"line":257,"column":8}},"loc":{"start":{"line":257,"column":22},"end":{"line":260,"column":null}},"line":257},"29":{"name":"ownKeys","decl":{"start":{"line":261,"column":4},"end":{"line":261,"column":12}},"loc":{"start":{"line":261,"column":21},"end":{"line":263,"column":null}},"line":261},"30":{"name":"getOwnPropertyDescriptor","decl":{"start":{"line":264,"column":4},"end":{"line":264,"column":29}},"loc":{"start":{"line":264,"column":43},"end":{"line":266,"column":null}},"line":264}},"branchMap":{"0":{"loc":{"start":{"line":22,"column":4},"end":{"line":25,"column":null}},"type":"if","locations":[{"start":{"line":22,"column":4},"end":{"line":25,"column":null}},{"start":{},"end":{}}],"line":22},"1":{"loc":{"start":{"line":30,"column":4},"end":{"line":33,"column":null}},"type":"if","locations":[{"start":{"line":30,"column":4},"end":{"line":33,"column":null}},{"start":{},"end":{}}],"line":30},"2":{"loc":{"start":{"line":49,"column":4},"end":{"line":54,"column":null}},"type":"if","locations":[{"start":{"line":49,"column":4},"end":{"line":54,"column":null}},{"start":{},"end":{}}],"line":49},"3":{"loc":{"start":{"line":92,"column":4},"end":{"line":95,"column":null}},"type":"if","locations":[{"start":{"line":92,"column":4},"end":{"line":95,"column":null}},{"start":{},"end":{}}],"line":92},"4":{"loc":{"start":{"line":96,"column":4},"end":{"line":99,"column":null}},"type":"if","locations":[{"start":{"line":96,"column":4},"end":{"line":99,"column":null}},{"start":{},"end":{}}],"line":96},"5":{"loc":{"start":{"line":123,"column":4},"end":{"line":129,"column":null}},"type":"if","locations":[{"start":{"line":123,"column":4},"end":{"line":129,"column":null}},{"start":{},"end":{}}],"line":123},"6":{"loc":{"start":{"line":162,"column":2},"end":{"line":162,"column":null}},"type":"default-arg","locations":[{"start":{"line":162,"column":37},"end":{"line":162,"column":null}}],"line":162},"7":{"loc":{"start":{"line":168,"column":4},"end":{"line":173,"column":null}},"type":"if","locations":[{"start":{"line":168,"column":4},"end":{"line":173,"column":null}},{"start":{},"end":{}}],"line":168},"8":{"loc":{"start":{"line":171,"column":6},"end":{"line":171,"column":null}},"type":"if","locations":[{"start":{"line":171,"column":6},"end":{"line":171,"column":null}},{"start":{},"end":{}}],"line":171},"9":{"loc":{"start":{"line":174,"column":4},"end":{"line":177,"column":null}},"type":"if","locations":[{"start":{"line":174,"column":4},"end":{"line":177,"column":null}},{"start":{},"end":{}}],"line":174},"10":{"loc":{"start":{"line":234,"column":4},"end":{"line":236,"column":null}},"type":"if","locations":[{"start":{"line":234,"column":4},"end":{"line":236,"column":null}},{"start":{},"end":{}}],"line":234},"11":{"loc":{"start":{"line":242,"column":6},"end":{"line":242,"column":null}},"type":"if","locations":[{"start":{"line":242,"column":6},"end":{"line":242,"column":null}},{"start":{},"end":{}}],"line":242},"12":{"loc":{"start":{"line":246,"column":6},"end":{"line":249,"column":null}},"type":"if","locations":[{"start":{"line":246,"column":6},"end":{"line":249,"column":null}},{"start":{},"end":{}}],"line":246},"13":{"loc":{"start":{"line":251,"column":6},"end":{"line":254,"column":null}},"type":"if","locations":[{"start":{"line":251,"column":6},"end":{"line":254,"column":null}},{"start":{},"end":{}}],"line":251},"14":{"loc":{"start":{"line":258,"column":6},"end":{"line":258,"column":null}},"type":"if","locations":[{"start":{"line":258,"column":6},"end":{"line":258,"column":null}},{"start":{},"end":{}}],"line":258},"15":{"loc":{"start":{"line":258,"column":10},"end":{"line":258,"column":56}},"type":"binary-expr","locations":[{"start":{"line":258,"column":10},"end":{"line":258,"column":37}},{"start":{"line":258,"column":37},"end":{"line":258,"column":56}}],"line":258}},"s":{"0":4,"1":4,"2":4,"3":181,"4":181,"5":698,"6":125,"7":125,"8":698,"9":88,"10":85,"11":85,"12":7,"13":1,"14":76,"15":107,"16":6,"17":4,"18":6,"19":101,"20":101,"21":46,"22":3,"23":3,"24":3,"25":1,"26":11,"27":11,"28":11,"29":11,"30":11,"31":22,"32":22,"33":22,"34":30,"35":18,"36":18,"37":30,"38":14,"39":14,"40":30,"41":1,"42":170,"43":10,"44":84,"45":84,"46":84,"47":84,"48":84,"49":84,"50":82,"51":82,"52":82,"53":2,"54":83,"55":131,"56":62,"57":131,"58":131,"59":131,"60":131,"61":131,"62":131,"63":83,"64":83,"65":18,"66":14,"67":18,"68":7,"69":7,"70":11,"71":11,"72":7,"73":7,"74":7,"75":1,"76":7,"77":4,"78":3,"79":3,"80":7,"81":5,"82":5,"83":5,"84":5,"85":5,"86":9,"87":9,"88":9,"89":19,"90":11,"91":19,"92":9,"93":14,"94":0,"95":14,"96":5,"97":0,"98":0,"99":5,"100":5,"101":4,"102":4,"103":5,"104":2,"105":0,"106":2,"107":1,"108":2},"f":{"0":181,"1":698,"2":88,"3":7,"4":1,"5":76,"6":107,"7":3,"8":3,"9":3,"10":1,"11":11,"12":22,"13":30,"14":1,"15":170,"16":10,"17":84,"18":83,"19":131,"20":18,"21":7,"22":11,"23":5,"24":9,"25":19,"26":14,"27":5,"28":2,"29":1,"30":2},"b":{"0":[125,573],"1":[85,3],"2":[6,101],"3":[18,12],"4":[14,16],"5":[82,2],"6":[7],"7":[7,4],"8":[1,6],"9":[3,1],"10":[11,8],"11":[0,14],"12":[0,5],"13":[4,1],"14":[0,2],"15":[2,2]},"meta":{"lastBranch":16,"lastFunction":31,"lastStatement":109,"seen":{"s:6:42:6:Infinity":0,"s:7:15:7:Infinity":1,"s:8:27:8:Infinity":2,"s:15:26:15:Infinity":3,"f:17:2:17:14":0,"s:18:4:18:Infinity":4,"f:21:6:21:17":1,"b:22:4:25:Infinity:undefined:undefined:undefined:undefined":0,"s:22:4:25:Infinity":5,"s:23:6:23:Infinity":6,"s:24:6:24:Infinity":7,"s:26:4:26:Infinity":8,"f:29:6:29:12":2,"b:30:4:33:Infinity:undefined:undefined:undefined:undefined":1,"s:30:4:33:Infinity":9,"s:31:6:31:Infinity":10,"s:32:6:32:Infinity":11,"f:36:2:36:12":3,"s:37:4:37:Infinity":12,"f:40:2:40:9":4,"s:41:4:41:Infinity":13,"f:44:2:44:14":5,"s:45:4:45:Infinity":14,"f:48:2:48:12":6,"b:49:4:54:Infinity:undefined:undefined:undefined:undefined":2,"s:49:4:54:Infinity":15,"s:50:6:52:Infinity":16,"s:51:8:51:Infinity":17,"s:53:6:53:Infinity":18,"s:55:17:55:Infinity":19,"s:56:4:58:Infinity":20,"s:57:6:57:Infinity":21,"f:61:2:61:34":7,"s:62:4:62:Infinity":22,"f:67:2:67:14":8,"s:67:22:67:41":23,"f:68:6:68:17":9,"s:69:4:69:Infinity":24,"f:71:2:71:12":10,"s:72:4:72:Infinity":25,"s:78:18:78:Infinity":26,"s:79:47:79:Infinity":27,"f:81:2:81:14":11,"s:82:4:82:Infinity":28,"s:83:4:83:Infinity":29,"s:84:4:88:Infinity":30,"f:84:25:84:38":12,"s:85:6:85:Infinity":31,"s:86:6:86:Infinity":32,"s:87:6:87:Infinity":33,"f:91:6:91:17":13,"b:92:4:95:Infinity:undefined:undefined:undefined:undefined":3,"s:92:4:95:Infinity":34,"s:93:6:93:Infinity":35,"s:94:6:94:Infinity":36,"b:96:4:99:Infinity:undefined:undefined:undefined:undefined":4,"s:96:4:99:Infinity":37,"s:97:6:97:Infinity":38,"s:98:6:98:Infinity":39,"s:100:4:100:Infinity":40,"f:103:6:103:12":14,"s:104:4:104:Infinity":41,"f:108:16:108:26":15,"s:109:2:109:Infinity":42,"f:112:16:112:28":16,"s:113:2:113:Infinity":43,"f:116:16:116:22":17,"s:117:23:117:Infinity":44,"s:118:2:118:Infinity":45,"s:119:2:130:Infinity":46,"s:120:4:120:Infinity":47,"s:122:4:122:Infinity":48,"b:123:4:129:Infinity:undefined:undefined:undefined:undefined":5,"s:123:4:129:Infinity":49,"s:124:19:124:Infinity":50,"s:125:6:125:Infinity":51,"s:126:6:128:Infinity":52,"s:127:8:127:Infinity":53,"f:133:16:133:23":18,"s:134:33:149:Infinity":54,"f:136:4:136:10":19,"s:137:6:139:Infinity":55,"s:138:8:138:Infinity":56,"s:140:6:140:Infinity":57,"s:141:29:141:Infinity":58,"s:142:6:142:Infinity":59,"s:143:6:147:Infinity":60,"s:144:8:144:Infinity":61,"s:146:8:146:Infinity":62,"s:150:2:150:Infinity":63,"s:151:2:156:Infinity":64,"f:151:2:151:15":20,"s:152:4:154:Infinity":65,"s:153:6:153:Infinity":66,"s:155:4:155:Infinity":67,"f:159:16:159:Infinity":21,"b:162:37:162:Infinity":6,"s:165:17:165:Infinity":68,"s:166:15:178:Infinity":69,"f:166:15:166:28":22,"s:167:19:167:Infinity":70,"b:168:4:173:Infinity:undefined:undefined:undefined:undefined":7,"s:168:4:173:Infinity":71,"s:169:6:169:Infinity":72,"s:170:6:170:Infinity":73,"b:171:6:171:Infinity:undefined:undefined:undefined:undefined":8,"s:171:6:171:Infinity":74,"s:171:29:171:Infinity":75,"s:172:6:172:Infinity":76,"b:174:4:177:Infinity:undefined:undefined:undefined:undefined":9,"s:174:4:177:Infinity":77,"s:175:6:175:Infinity":78,"s:176:6:176:Infinity":79,"s:179:2:179:Infinity":80,"f:195:16:195:27":23,"s:196:15:196:Infinity":81,"s:197:2:197:Infinity":82,"s:198:2:202:Infinity":83,"s:199:4:199:Infinity":84,"s:201:4:201:Infinity":85,"f:229:16:229:63":24,"s:230:18:230:Infinity":86,"s:231:19:231:Infinity":87,"s:233:8:238:Infinity":88,"f:233:8:233:21":25,"b:234:4:236:Infinity:undefined:undefined:undefined:undefined":10,"s:234:4:236:Infinity":89,"s:235:6:235:Infinity":90,"s:237:4:237:Infinity":91,"s:240:2:267:Infinity":92,"f:241:4:241:8":26,"b:242:6:242:Infinity:undefined:undefined:undefined:undefined":11,"s:242:6:242:Infinity":93,"s:242:35:242:Infinity":94,"s:243:6:243:Infinity":95,"f:245:4:245:8":27,"b:246:6:249:Infinity:undefined:undefined:undefined:undefined":12,"s:246:6:249:Infinity":96,"s:247:8:247:Infinity":97,"s:248:8:248:Infinity":98,"s:250:18:250:Infinity":99,"b:251:6:254:Infinity:undefined:undefined:undefined:undefined":13,"s:251:6:254:Infinity":100,"s:252:8:252:Infinity":101,"s:253:8:253:Infinity":102,"s:255:6:255:Infinity":103,"f:257:4:257:8":28,"b:258:6:258:Infinity:undefined:undefined:undefined:undefined":14,"s:258:6:258:Infinity":104,"b:258:10:258:37:258:37:258:56":15,"s:258:56:258:Infinity":105,"s:259:6:259:Infinity":106,"f:261:4:261:12":29,"s:262:6:262:Infinity":107,"f:264:4:264:29":30,"s:265:6:265:Infinity":108},"fnNames":{}}}
,"/media/naranyala/Data/projects-remote/exba-wasm-browser-extention/src/lib/render.ts": {"path":"/media/naranyala/Data/projects-remote/exba-wasm-browser-extention/src/lib/render.ts","statementMap":{"0":{"start":{"line":34,"column":17},"end":{"line":40,"column":null}},"1":{"start":{"line":35,"column":12},"end":{"line":35,"column":null}},"2":{"start":{"line":36,"column":4},"end":{"line":38,"column":null}},"3":{"start":{"line":37,"column":6},"end":{"line":37,"column":null}},"4":{"start":{"line":39,"column":4},"end":{"line":39,"column":null}},"5":{"start":{"line":41,"column":19},"end":{"line":41,"column":null}},"6":{"start":{"line":42,"column":2},"end":{"line":42,"column":null}},"7":{"start":{"line":43,"column":19},"end":{"line":43,"column":null}},"8":{"start":{"line":46,"column":17},"end":{"line":46,"column":null}},"9":{"start":{"line":47,"column":14},"end":{"line":47,"column":null}},"10":{"start":{"line":49,"column":2},"end":{"line":54,"column":null}},"11":{"start":{"line":50,"column":4},"end":{"line":52,"column":null}},"12":{"start":{"line":51,"column":6},"end":{"line":51,"column":null}},"13":{"start":{"line":53,"column":4},"end":{"line":53,"column":null}},"14":{"start":{"line":56,"column":2},"end":{"line":56,"column":null}},"15":{"start":{"line":91,"column":29},"end":{"line":91,"column":null}},"16":{"start":{"line":92,"column":39},"end":{"line":92,"column":null}},"17":{"start":{"line":94,"column":8},"end":{"line":121,"column":null}},"18":{"start":{"line":95,"column":22},"end":{"line":95,"column":null}},"19":{"start":{"line":96,"column":21},"end":{"line":96,"column":null}},"20":{"start":{"line":98,"column":4},"end":{"line":106,"column":null}},"21":{"start":{"line":100,"column":6},"end":{"line":104,"column":null}},"22":{"start":{"line":101,"column":8},"end":{"line":101,"column":null}},"23":{"start":{"line":102,"column":8},"end":{"line":102,"column":null}},"24":{"start":{"line":103,"column":8},"end":{"line":103,"column":null}},"25":{"start":{"line":105,"column":6},"end":{"line":105,"column":null}},"26":{"start":{"line":109,"column":4},"end":{"line":109,"column":null}},"27":{"start":{"line":110,"column":4},"end":{"line":110,"column":null}},"28":{"start":{"line":112,"column":4},"end":{"line":118,"column":null}},"29":{"start":{"line":113,"column":6},"end":{"line":113,"column":null}},"30":{"start":{"line":114,"column":11},"end":{"line":118,"column":null}},"31":{"start":{"line":115,"column":6},"end":{"line":115,"column":null}},"32":{"start":{"line":117,"column":6},"end":{"line":117,"column":null}},"33":{"start":{"line":120,"column":4},"end":{"line":120,"column":null}},"34":{"start":{"line":123,"column":2},"end":{"line":127,"column":null}},"35":{"start":{"line":124,"column":4},"end":{"line":124,"column":null}},"36":{"start":{"line":125,"column":4},"end":{"line":125,"column":null}},"37":{"start":{"line":126,"column":4},"end":{"line":126,"column":null}},"38":{"start":{"line":178,"column":35},"end":{"line":178,"column":null}},"39":{"start":{"line":179,"column":17},"end":{"line":179,"column":null}},"40":{"start":{"line":180,"column":2},"end":{"line":180,"column":null}},"41":{"start":{"line":182,"column":8},"end":{"line":264,"column":null}},"42":{"start":{"line":183,"column":18},"end":{"line":183,"column":null}},"43":{"start":{"line":184,"column":18},"end":{"line":184,"column":null}},"44":{"start":{"line":184,"column":55},"end":{"line":184,"column":null}},"45":{"start":{"line":187,"column":22},"end":{"line":187,"column":null}},"46":{"start":{"line":188,"column":4},"end":{"line":190,"column":null}},"47":{"start":{"line":189,"column":6},"end":{"line":189,"column":null}},"48":{"start":{"line":192,"column":40},"end":{"line":192,"column":null}},"49":{"start":{"line":193,"column":21},"end":{"line":193,"column":null}},"50":{"start":{"line":195,"column":4},"end":{"line":221,"column":null}},"51":{"start":{"line":195,"column":17},"end":{"line":195,"column":20}},"52":{"start":{"line":196,"column":19},"end":{"line":196,"column":null}},"53":{"start":{"line":197,"column":18},"end":{"line":197,"column":null}},"54":{"start":{"line":199,"column":6},"end":{"line":205,"column":null}},"55":{"start":{"line":201,"column":22},"end":{"line":201,"column":null}},"56":{"start":{"line":202,"column":8},"end":{"line":202,"column":null}},"57":{"start":{"line":203,"column":8},"end":{"line":203,"column":null}},"58":{"start":{"line":204,"column":8},"end":{"line":204,"column":null}},"59":{"start":{"line":206,"column":6},"end":{"line":206,"column":null}},"60":{"start":{"line":208,"column":23},"end":{"line":208,"column":null}},"61":{"start":{"line":209,"column":6},"end":{"line":220,"column":null}},"62":{"start":{"line":211,"column":8},"end":{"line":211,"column":null}},"63":{"start":{"line":212,"column":8},"end":{"line":214,"column":null}},"64":{"start":{"line":213,"column":10},"end":{"line":213,"column":null}},"65":{"start":{"line":213,"column":49},"end":{"line":213,"column":50}},"66":{"start":{"line":215,"column":8},"end":{"line":215,"column":null}},"67":{"start":{"line":218,"column":22},"end":{"line":218,"column":null}},"68":{"start":{"line":219,"column":8},"end":{"line":219,"column":null}},"69":{"start":{"line":224,"column":18},"end":{"line":224,"column":null}},"70":{"start":{"line":224,"column":40},"end":{"line":224,"column":63}},"71":{"start":{"line":225,"column":4},"end":{"line":230,"column":null}},"72":{"start":{"line":226,"column":6},"end":{"line":226,"column":null}},"73":{"start":{"line":227,"column":6},"end":{"line":229,"column":null}},"74":{"start":{"line":228,"column":8},"end":{"line":228,"column":null}},"75":{"start":{"line":233,"column":31},"end":{"line":233,"column":null}},"76":{"start":{"line":234,"column":4},"end":{"line":260,"column":null}},"77":{"start":{"line":234,"column":17},"end":{"line":234,"column":20}},"78":{"start":{"line":235,"column":20},"end":{"line":235,"column":null}},"79":{"start":{"line":236,"column":24},"end":{"line":236,"column":null}},"80":{"start":{"line":238,"column":6},"end":{"line":255,"column":null}},"81":{"start":{"line":240,"column":8},"end":{"line":244,"column":null}},"82":{"start":{"line":241,"column":10},"end":{"line":241,"column":null}},"83":{"start":{"line":242,"column":15},"end":{"line":244,"column":null}},"84":{"start":{"line":243,"column":10},"end":{"line":243,"column":null}},"85":{"start":{"line":246,"column":32},"end":{"line":246,"column":null}},"86":{"start":{"line":247,"column":8},"end":{"line":254,"column":null}},"87":{"start":{"line":248,"column":10},"end":{"line":252,"column":null}},"88":{"start":{"line":249,"column":12},"end":{"line":249,"column":null}},"89":{"start":{"line":250,"column":17},"end":{"line":252,"column":null}},"90":{"start":{"line":251,"column":12},"end":{"line":251,"column":null}},"91":{"start":{"line":253,"column":10},"end":{"line":253,"column":null}},"92":{"start":{"line":256,"column":6},"end":{"line":259,"column":null}},"93":{"start":{"line":262,"column":4},"end":{"line":262,"column":null}},"94":{"start":{"line":263,"column":4},"end":{"line":263,"column":null}},"95":{"start":{"line":266,"column":2},"end":{"line":277,"column":null}},"96":{"start":{"line":267,"column":4},"end":{"line":267,"column":null}},"97":{"start":{"line":268,"column":4},"end":{"line":273,"column":null}},"98":{"start":{"line":269,"column":6},"end":{"line":269,"column":null}},"99":{"start":{"line":270,"column":6},"end":{"line":272,"column":null}},"100":{"start":{"line":271,"column":8},"end":{"line":271,"column":null}},"101":{"start":{"line":274,"column":4},"end":{"line":276,"column":null}},"102":{"start":{"line":275,"column":6},"end":{"line":275,"column":null}},"103":{"start":{"line":286,"column":17},"end":{"line":286,"column":null}},"104":{"start":{"line":287,"column":16},"end":{"line":287,"column":null}},"105":{"start":{"line":287,"column":55},"end":{"line":287,"column":60}},"106":{"start":{"line":288,"column":2},"end":{"line":288,"column":null}},"107":{"start":{"line":289,"column":2},"end":{"line":291,"column":null}},"108":{"start":{"line":290,"column":4},"end":{"line":290,"column":null}},"109":{"start":{"line":292,"column":2},"end":{"line":292,"column":null}},"110":{"start":{"line":300,"column":2},"end":{"line":300,"column":null}},"111":{"start":{"line":301,"column":19},"end":{"line":301,"column":null}},"112":{"start":{"line":302,"column":12},"end":{"line":302,"column":null}},"113":{"start":{"line":303,"column":2},"end":{"line":310,"column":null}},"114":{"start":{"line":304,"column":4},"end":{"line":308,"column":null}},"115":{"start":{"line":305,"column":6},"end":{"line":305,"column":null}},"116":{"start":{"line":307,"column":6},"end":{"line":307,"column":null}},"117":{"start":{"line":309,"column":4},"end":{"line":309,"column":null}},"118":{"start":{"line":311,"column":2},"end":{"line":311,"column":null}},"119":{"start":{"line":338,"column":8},"end":{"line":343,"column":null}},"120":{"start":{"line":339,"column":16},"end":{"line":339,"column":null}},"121":{"start":{"line":340,"column":4},"end":{"line":342,"column":null}},"122":{"start":{"line":341,"column":6},"end":{"line":341,"column":null}},"123":{"start":{"line":345,"column":8},"end":{"line":347,"column":null}},"124":{"start":{"line":346,"column":4},"end":{"line":346,"column":null}},"125":{"start":{"line":348,"column":2},"end":{"line":348,"column":null}},"126":{"start":{"line":350,"column":2},"end":{"line":353,"column":null}},"127":{"start":{"line":351,"column":4},"end":{"line":351,"column":null}},"128":{"start":{"line":352,"column":4},"end":{"line":352,"column":null}},"129":{"start":{"line":388,"column":2},"end":{"line":388,"column":null}},"130":{"start":{"line":412,"column":15},"end":{"line":412,"column":null}},"131":{"start":{"line":413,"column":37},"end":{"line":413,"column":null}},"132":{"start":{"line":415,"column":2},"end":{"line":421,"column":null}},"133":{"start":{"line":416,"column":10},"end":{"line":419,"column":null}},"134":{"start":{"line":417,"column":25},"end":{"line":417,"column":null}},"135":{"start":{"line":418,"column":6},"end":{"line":418,"column":null}},"136":{"start":{"line":420,"column":4},"end":{"line":420,"column":null}},"137":{"start":{"line":423,"column":2},"end":{"line":427,"column":null}},"138":{"start":{"line":424,"column":4},"end":{"line":426,"column":null}},"139":{"start":{"line":425,"column":6},"end":{"line":425,"column":null}},"140":{"start":{"line":435,"column":2},"end":{"line":435,"column":null}},"141":{"start":{"line":435,"column":28},"end":{"line":435,"column":null}},"142":{"start":{"line":436,"column":2},"end":{"line":438,"column":null}},"143":{"start":{"line":437,"column":4},"end":{"line":437,"column":null}},"144":{"start":{"line":439,"column":2},"end":{"line":439,"column":null}},"145":{"start":{"line":443,"column":2},"end":{"line":445,"column":null}},"146":{"start":{"line":444,"column":4},"end":{"line":444,"column":null}},"147":{"start":{"line":449,"column":2},"end":{"line":453,"column":null}},"148":{"start":{"line":450,"column":4},"end":{"line":452,"column":null}},"149":{"start":{"line":451,"column":6},"end":{"line":451,"column":null}}},"fnMap":{"0":{"name":"html","decl":{"start":{"line":30,"column":16},"end":{"line":30,"column":null}},"loc":{"start":{"line":33,"column":20},"end":{"line":57,"column":null}},"line":33},"1":{"name":"(anonymous_1)","decl":{"start":{"line":34,"column":25},"end":{"line":34,"column":33}},"loc":{"start":{"line":34,"column":49},"end":{"line":40,"column":5}},"line":34},"2":{"name":"createShow","decl":{"start":{"line":90,"column":16},"end":{"line":90,"column":30}},"loc":{"start":{"line":90,"column":63},"end":{"line":128,"column":null}},"line":90},"3":{"name":"(anonymous_3)","decl":{"start":{"line":94,"column":18},"end":{"line":94,"column":31}},"loc":{"start":{"line":94,"column":31},"end":{"line":121,"column":3}},"line":94},"4":{"name":"(anonymous_4)","decl":{"start":{"line":123,"column":2},"end":{"line":123,"column":15}},"loc":{"start":{"line":123,"column":15},"end":{"line":127,"column":null}},"line":123},"5":{"name":"createFor","decl":{"start":{"line":177,"column":16},"end":{"line":177,"column":29}},"loc":{"start":{"line":177,"column":61},"end":{"line":278,"column":null}},"line":177},"6":{"name":"(anonymous_6)","decl":{"start":{"line":182,"column":18},"end":{"line":182,"column":31}},"loc":{"start":{"line":182,"column":31},"end":{"line":264,"column":3}},"line":182},"7":{"name":"(anonymous_7)","decl":{"start":{"line":184,"column":24},"end":{"line":184,"column":35}},"loc":{"start":{"line":184,"column":55},"end":{"line":184,"column":null}},"line":184},"8":{"name":"(anonymous_8)","decl":{"start":{"line":212,"column":41},"end":{"line":212,"column":null}},"loc":{"start":{"line":213,"column":10},"end":{"line":213,"column":null}},"line":213},"9":{"name":"(anonymous_9)","decl":{"start":{"line":213,"column":37},"end":{"line":213,"column":49}},"loc":{"start":{"line":213,"column":49},"end":{"line":213,"column":50}},"line":213},"10":{"name":"(anonymous_10)","decl":{"start":{"line":224,"column":26},"end":{"line":224,"column":34}},"loc":{"start":{"line":224,"column":40},"end":{"line":224,"column":63}},"line":224},"11":{"name":"(anonymous_11)","decl":{"start":{"line":266,"column":2},"end":{"line":266,"column":15}},"loc":{"start":{"line":266,"column":15},"end":{"line":277,"column":null}},"line":266},"12":{"name":"createEntry","decl":{"start":{"line":280,"column":9},"end":{"line":280,"column":null}},"loc":{"start":{"line":285,"column":17},"end":{"line":293,"column":null}},"line":285},"13":{"name":"(anonymous_13)","decl":{"start":{"line":287,"column":43},"end":{"line":287,"column":55}},"loc":{"start":{"line":287,"column":55},"end":{"line":287,"column":60}},"line":287},"14":{"name":"replaceEntryContent","decl":{"start":{"line":295,"column":9},"end":{"line":295,"column":null}},"loc":{"start":{"line":299,"column":8},"end":{"line":312,"column":null}},"line":299},"15":{"name":"createBindValue","decl":{"start":{"line":333,"column":16},"end":{"line":333,"column":null}},"loc":{"start":{"line":337,"column":14},"end":{"line":354,"column":null}},"line":337},"16":{"name":"(anonymous_16)","decl":{"start":{"line":338,"column":24},"end":{"line":338,"column":37}},"loc":{"start":{"line":338,"column":37},"end":{"line":343,"column":3}},"line":338},"17":{"name":"(anonymous_17)","decl":{"start":{"line":345,"column":8},"end":{"line":345,"column":24}},"loc":{"start":{"line":345,"column":24},"end":{"line":347,"column":null}},"line":345},"18":{"name":"(anonymous_18)","decl":{"start":{"line":350,"column":2},"end":{"line":350,"column":15}},"loc":{"start":{"line":350,"column":15},"end":{"line":353,"column":null}},"line":350},"19":{"name":"createRef","decl":{"start":{"line":385,"column":16},"end":{"line":385,"column":null}},"loc":{"start":{"line":387,"column":10},"end":{"line":389,"column":null}},"line":387},"20":{"name":"createClassList","decl":{"start":{"line":408,"column":16},"end":{"line":408,"column":null}},"loc":{"start":{"line":411,"column":14},"end":{"line":428,"column":null}},"line":411},"21":{"name":"(anonymous_21)","decl":{"start":{"line":416,"column":20},"end":{"line":416,"column":33}},"loc":{"start":{"line":416,"column":33},"end":{"line":419,"column":5}},"line":416},"22":{"name":"(anonymous_22)","decl":{"start":{"line":423,"column":2},"end":{"line":423,"column":15}},"loc":{"start":{"line":423,"column":15},"end":{"line":427,"column":null}},"line":423},"23":{"name":"toNodeArray","decl":{"start":{"line":434,"column":9},"end":{"line":434,"column":21}},"loc":{"start":{"line":434,"column":51},"end":{"line":440,"column":null}},"line":434},"24":{"name":"appendNodes","decl":{"start":{"line":442,"column":9},"end":{"line":442,"column":21}},"loc":{"start":{"line":442,"column":72},"end":{"line":446,"column":null}},"line":442},"25":{"name":"removeNodes","decl":{"start":{"line":448,"column":9},"end":{"line":448,"column":21}},"loc":{"start":{"line":448,"column":72},"end":{"line":454,"column":null}},"line":448}},"branchMap":{"0":{"loc":{"start":{"line":35,"column":12},"end":{"line":35,"column":null}},"type":"cond-expr","locations":[{"start":{"line":35,"column":38},"end":{"line":35,"column":58}},{"start":{"line":35,"column":58},"end":{"line":35,"column":null}}],"line":35},"1":{"loc":{"start":{"line":36,"column":4},"end":{"line":38,"column":null}},"type":"if","locations":[{"start":{"line":36,"column":4},"end":{"line":38,"column":null}},{"start":{},"end":{}}],"line":36},"2":{"loc":{"start":{"line":50,"column":4},"end":{"line":52,"column":null}},"type":"if","locations":[{"start":{"line":50,"column":4},"end":{"line":52,"column":null}},{"start":{},"end":{}}],"line":50},"3":{"loc":{"start":{"line":50,"column":8},"end":{"line":50,"column":62}},"type":"binary-expr","locations":[{"start":{"line":50,"column":8},"end":{"line":50,"column":31}},{"start":{"line":50,"column":31},"end":{"line":50,"column":62}}],"line":50},"4":{"loc":{"start":{"line":98,"column":4},"end":{"line":106,"column":null}},"type":"if","locations":[{"start":{"line":98,"column":4},"end":{"line":106,"column":null}},{"start":{},"end":{}}],"line":98},"5":{"loc":{"start":{"line":98,"column":8},"end":{"line":98,"column":64}},"type":"binary-expr","locations":[{"start":{"line":98,"column":8},"end":{"line":98,"column":39}},{"start":{"line":98,"column":39},"end":{"line":98,"column":64}}],"line":98},"6":{"loc":{"start":{"line":100,"column":6},"end":{"line":104,"column":null}},"type":"if","locations":[{"start":{"line":100,"column":6},"end":{"line":104,"column":null}},{"start":{},"end":{}}],"line":100},"7":{"loc":{"start":{"line":112,"column":4},"end":{"line":118,"column":null}},"type":"if","locations":[{"start":{"line":112,"column":4},"end":{"line":118,"column":null}},{"start":{"line":114,"column":11},"end":{"line":118,"column":null}}],"line":112},"8":{"loc":{"start":{"line":114,"column":11},"end":{"line":118,"column":null}},"type":"if","locations":[{"start":{"line":114,"column":11},"end":{"line":118,"column":null}},{"start":{"line":116,"column":11},"end":{"line":118,"column":null}}],"line":114},"9":{"loc":{"start":{"line":184,"column":18},"end":{"line":184,"column":null}},"type":"binary-expr","locations":[{"start":{"line":184,"column":18},"end":{"line":184,"column":35}},{"start":{"line":184,"column":24},"end":{"line":184,"column":null}}],"line":184},"10":{"loc":{"start":{"line":199,"column":6},"end":{"line":205,"column":null}},"type":"if","locations":[{"start":{"line":199,"column":6},"end":{"line":205,"column":null}},{"start":{},"end":{}}],"line":199},"11":{"loc":{"start":{"line":209,"column":6},"end":{"line":220,"column":null}},"type":"if","locations":[{"start":{"line":209,"column":6},"end":{"line":220,"column":null}},{"start":{"line":216,"column":13},"end":{"line":220,"column":null}}],"line":209},"12":{"loc":{"start":{"line":227,"column":6},"end":{"line":229,"column":null}},"type":"if","locations":[{"start":{"line":
[...]
tart":{},"end":{}}],"line":453},"26":{"loc":{"start":{"line":454,"column":2},"end":{"line":475,"column":null}},"type":"if","locations":[{"start":{"line":454,"column":2},"end":{"line":475,"column":null}},{"start":{},"end":{}}],"line":454},"27":{"loc":{"start":{"line":454,"column":6},"end":{"line":454,"column":64}},"type":"binary-expr","locations":[{"start":{"line":454,"column":6},"end":{"line":454,"column":11}},{"start":{"line":454,"column":11},"end":{"line":454,"column":36}},{"start":{"line":454,"column":36},"end":{"line":454,"column":41}},{"start":{"line":454,"column":41},"end":{"line":454,"column":64}}],"line":454},"28":{"loc":{"start":{"line":455,"column":4},"end":{"line":461,"column":null}},"type":"if","locations":[{"start":{"line":455,"column":4},"end":{"line":461,"column":null}},{"start":{},"end":{}}],"line":455},"29":{"loc":{"start":{"line":455,"column":8},"end":{"line":455,"column":46}},"type":"binary-expr","locations":[{"start":{"line":455,"column":8},"end":{"line":455,"column":28}},{"start":{"line":455,"column":28},"end":{"line":455,"column":46}}],"line":455},"30":{"loc":{"start":{"line":456,"column":6},"end":{"line":456,"column":null}},"type":"if","locations":[{"start":{"line":456,"column":6},"end":{"line":456,"column":null}},{"start":{},"end":{}}],"line":456},"31":{"loc":{"start":{"line":458,"column":8},"end":{"line":458,"column":null}},"type":"if","locations":[{"start":{"line":458,"column":8},"end":{"line":458,"column":null}},{"start":{},"end":{}}],"line":458},"32":{"loc":{"start":{"line":462,"column":4},"end":{"line":462,"column":null}},"type":"if","locations":[{"start":{"line":462,"column":4},"end":{"line":462,"column":null}},{"start":{},"end":{}}],"line":462},"33":{"loc":{"start":{"line":462,"column":8},"end":{"line":462,"column":46}},"type":"binary-expr","locations":[{"start":{"line":462,"column":8},"end":{"line":462,"column":28}},{"start":{"line":462,"column":28},"end":{"line":462,"column":46}}],"line":462},"34":{"loc":{"start":{"line":465,"column":4},"end":{"line":465,"column":null}},"type":"if","locations":[{"start":{"line":465,"column":4},"end":{"line":465,"column":null}},{"start":{},"end":{}}],"line":465},"35":{"loc":{"start":{"line":467,"column":6},"end":{"line":472,"column":null}},"type":"if","locations":[{"start":{"line":467,"column":6},"end":{"line":472,"column":null}},{"start":{},"end":{}}],"line":467},"36":{"loc":{"start":{"line":468,"column":8},"end":{"line":469,"column":null}},"type":"binary-expr","locations":[{"start":{"line":468,"column":8},"end":{"line":468,"column":null}},{"start":{"line":469,"column":8},"end":{"line":469,"column":null}}],"line":468}},"s":{"0":68,"1":68,"2":68,"3":68,"4":68,"5":68,"6":68,"7":68,"8":68,"9":68,"10":68,"11":68,"12":68,"13":68,"14":68,"15":68,"16":1,"17":68,"18":0,"19":0,"20":68,"21":68,"22":67,"23":67,"24":67,"25":67,"26":1,"27":1,"28":69,"29":68,"30":68,"31":1,"32":6,"33":13,"34":2,"35":5,"36":5,"37":3,"38":5,"39":3,"40":5,"41":110,"42":1,"43":109,"44":109,"45":109,"46":109,"47":0,"48":1,"49":0,"50":1,"51":2,"52":0,"53":2,"54":2,"55":2,"56":2,"57":3,"58":1,"59":4,"60":4,"61":4,"62":1,"63":4,"64":4,"65":1,"66":3,"67":3,"68":1,"69":109,"70":109,"71":736,"72":494,"73":109,"74":253,"75":0,"76":109,"77":32,"78":77,"79":77,"80":77,"81":494,"82":77,"83":494,"84":494,"85":2,"86":1,"87":77,"88":494,"89":2,"90":11,"91":11,"92":2,"93":11,"94":4,"95":4,"96":4,"97":8,"98":8,"99":8,"100":38,"101":4,"102":4,"103":2,"104":2,"105":6,"106":6,"107":12,"108":1,"109":6,"110":1,"111":2,"112":2,"113":2,"114":1,"115":1,"116":2,"117":32,"118":32,"119":32,"120":32,"121":32,"122":32,"123":786,"124":233,"125":553,"126":483,"127":70,"128":59,"129":59,"130":0,"131":59,"132":59,"133":50,"134":0,"135":59,"136":0,"137":0,"138":0,"139":0,"140":0,"141":0,"142":0,"143":0,"144":0,"145":0,"146":11},"f":{"0":68,"1":0,"2":68,"3":69,"4":68,"5":68,"6":1,"7":6,"8":13,"9":2,"10":5,"11":110,"12":1,"13":2,"14":2,"15":3,"16":1,"17":4,"18":1,"19":1,"20":3,"21":1,"22":109,"23":77,"24":11,"25":4,"26":8,"27":38,"28":2,"29":2,"30":2,"31":32,"32":786},"b":{"0":[68],"1":[68],"2":[1,67],"3":[0,68],"4":[68,0],"5":[2,1],"6":[3,2],"7":[5,3],"8":[3,2],"9":[1,109],"10":[0,1],"11":[0,2],"12":[4,0],"13":[494,242],"14":[0,253],"15":[32,77],"16":[2,492],"17":[2,9],"18":[4,1],"19":[8,0],"20":[4,34],"21":[1,11],"22":[1,5],"23":[1,1],"24":[233,553],"25":[483,70],"26":[59,11],"27":[70,60,59,59],"28":[59,0],"29":[59,59],"30":[0,59],"31":[0,50],"32":[0,0],"33":[0,0],"34":[0,0],"35":[0,0],"36":[0,0]},"meta":{"lastBranch":37,"lastFunction":33,"lastStatement":147,"seen":{"s:79:16:79:Infinity":0,"s:88:36:88:Infinity":1,"s:91:10:91:Infinity":2,"s:104:27:104:Infinity":3,"s:105:32:105:Infinity":4,"s:108:47:108:Infinity":5,"s:111:65:111:Infinity":6,"s:112:21:112:Infinity":7,"f:114:2:114:Infinity":0,"b:117:24:117:Infinity":0,"b:118:33:118:Infinity":1,"s:120:4:120:Infinity":8,"s:121:4:121:Infinity":9,"s:122:4:122:Infinity":10,"s:123:4:128:Infinity":11,"s:129:4:129:Infinity":12,"s:130:4:130:Infinity":13,"s:133:4:133:Infinity":14,"b:136:4:138:Infinity:undefined:undefined:undefined:undefined":2,"s:136:4:138:Infinity":15,"s:137:6:137:Infinity":16,"b:140:4:144:Infinity:undefined:undefined:undefined:undefined":3,"s:140:4:144:Infinity":17,"s:141:6:143:Infinity":18,"f:141:11:141:24":1,"s:142:8:142:Infinity":19,"f:151:16:151:38":2,"s:152:4:161:Infinity":20,"s:153:6:153:Infinity":21,"s:154:6:154:Infinity":22,"s:155:6:155:Infinity":23,"s:156:6:156:Infinity":24,"s:157:6:157:Infinity":25,"s:159:6:159:Infinity":26,"s:160:6:160:Infinity":27,"f:165:8:165:35":3,"s:166:4:166:Infinity":28,"f:173:2:173:10":4,"s:174:4:176:Infinity":29,"f:174:21:174:Infinity":5,"s:175:12:175:Infinity":30,"b:175:12:175:58:175:58:175:Infinity":4,"f:179:2:179:27":6,"s:180:4:180:Infinity":31,"f:183:2:183:14":7,"s:184:4:184:Infinity":32,"f:184:26:184:32":8,"s:184:38:184:59":33,"f:187:2:187:24":9,"s:188:4:188:Infinity":34,"b:188:11:188:55:188:55:188:Infinity":5,"f:203:2:203:Infinity":10,"s:208:10:208:Infinity":35,"b:211:4:213:Infinity:undefined:undefined:undefined:undefined":6,"s:211:4:213:Infinity":36,"b:211:8:211:25:211:25:211:51":7,"s:212:6:212:Infinity":37,"b:216:4:218:Infinity:undefined:undefined:undefined:undefined":8,"s:216:4:218:Infinity":38,"s:217:6:217:Infinity":39,"s:220:4:220:Infinity":40,"f:230:2:230:20":11,"b:231:4:231:Infinity:undefined:undefined:undefined:undefined":9,"s:231:4:231:Infinity":41,"s:231:22:231:Infinity":42,"s:232:4:238:Infinity":43,"s:233:19:233:Infinity":44,"s:234:23:234:Infinity":45,"s:235:6:235:Infinity":46,"s:237:6:237:Infinity":47,"f:244:2:244:20":12,"b:245:4:245:Infinity:undefined:undefined:undefined:undefined":10,"s:245:4:245:Infinity":48,"s:245:22:245:Infinity":49,"s:246:4:246:Infinity":50,"f:252:2:252:14":13,"b:253:4:253:Infinity:undefined:undefined:undefined:undefined":11,"s:253:4:253:Infinity":51,"s:253:22:253:Infinity":52,"s:254:4:258:Infinity":53,"f:254:4:254:16":14,"s:255:6:257:Infinity":54,"s:256:8:256:Infinity":55,"s:259:4:259:Infinity":56,"f:265:2:265:19":15,"s:266:4:266:Infinity":57,"f:272:2:272:6":16,"s:273:4:273:Infinity":58,"f:284:2:284:Infinity":17,"b:288:4:290:Infinity:undefined:undefined:undefined:undefined":12,"s:288:4:290:Infinity":59,"s:289:6:289:Infinity":60,"s:291:10:291:Infinity":61,"f:291:10:291:38":18,"s:291:46:291:Infinity":62,"s:292:4:292:Infinity":63,"s:293:4:293:Infinity":64,"f:293:4:293:17":19,"s:293:17:293:Infinity":65,"f:300:2:300:14":20,"s:301:4:301:Infinity":66,"s:302:4:302:Infinity":67,"f:302:4:302:17":21,"s:302:17:302:Infinity":68,"f:307:2:307:10":22,"s:308:34:308:Infinity":69,"s:311:4:315:Infinity":70,"b:312:6:314:Infinity:undefined:undefined:undefined:undefined":13,"s:312:6:314:Infinity":71,"s:313:8:313:Infinity":72,"s:317:4:321:Infinity":73,"b:318:6:320:Infinity:undefined:undefined:undefined:undefined":14,"s:318:6:320:Infinity":74,"s:319:8:319:Infinity":75,"b:323:4:323:Infinity:undefined:undefined:undefined:undefined":15,"s:323:4:323:Infinity":76,"s:323:34:323:Infinity":77,"s:326:4:326:Infinity":78,"s:329:4:333:Infinity":79,"f:329:4:329:16":23,"s:330:6:332:Infinity":80,"s:331:8:331:Infinity":81,"s:336:4:343:Infinity":82,"s:337:19:337:Infinity":83,"b:338:6:342:Infinity:undefined:undefined:undefined:undefined":16,"s:338:6:342:Infinity":84,"s:339:8:341:Infinity":85,"s:340:10:340:Infinity":86,"s:346:4:350:Infinity":87,"s:347:6:349:Infinity":88,"s:348:8:348:Infinity":89,"f:362:2:362:35":24,"s:363:10:363:Infinity":90,"b:364:4:366:Infinity:undefined:undefined:undefined:undefined":17,"s:364:4:366:Infinity":91,"s:365:6:365:Infinity":92,"s:367:4:367:Infinity":93,"f:377:2:377:16":25,"s:378:4:378:Infinity":94,"s:379:15:379:Infinity":95,"b:379:15:379:29:379:29:379:Infinity":18,"s:380:4:385:Infinity":96,"f:380:25:380:43":26,"b:381:6:384:Infinity:undefined:undefined:undefined:undefined":19,"s:381:6:384:Infinity":97,"s:382:8:382:Infinity":98,"s:383:8:383:Infinity":99,"f:391:2:391:23":27,"b:392:4:395:Infinity:undefined:undefined:undefined:undefined":20,"s:392:4:395:Infinity":100,"s:393:6:393:Infinity":101,"s:394:6:394:Infinity":102,"f:406:2:406:54":28,"s:407:61:407:Infinity":103,"s:408:4:418:Infinity":104,"s:409:32:409:Infinity":105,"s:410:6:414:Infinity":106,"b:411:8:413:Infinity:undefined:undefined:undefined:undefined":21,"s:411:8:413:Infinity":107,"s:412:10:412:Infinity":108,"b:415:6:417:Infinity:undefined:undefined:undefined:undefined":22,"s:415:6:417:Infinity":109,"s:416:8:416:Infinity":110,"s:419:4:419:Infinity":111,"f:425:2:425:17":29,"s:426:21:426:Infinity":112,"b:427:4:427:Infinity:undefined:undefined:undefined:undefined":23,"s:427:4:427:Infinity":113,"s:427:19:427:Infinity":114,"s:428:4:428:Infinity":115,"f:428:31:428:39":30,"s:428:45:428:69":116,"f:438:2:438:18":31,"s:439:4:439:Infinity":117,"s:440:4:440:Infinity":118,"s:441:4:441:Infinity":119,"s:442:4:442:Infinity":120,"s:443:4:443:Infinity":121,"s:444:4:444:Infinity":122,"f:451:9:451:17":32,"b:452:2:452:Infinity:undefined:undefined:undefined:undefined":24,"s:452:2:452:Infinity":123,"s:452:23:452:Infinity":124,"b:453:2:453:Infinity:undefined:undefined:undefined:undefined":25,"s:453:2:453:Infinity":125,"s:453:29:453:Infinity":126,"b:454:2:475:Infinity:undefined:undefined:undefined:undefined":26,"s:454:2:475:Infinity":127,"b:454:6:454:11:454:11:454:36:454:36:454:41:454:41:454:64":27,"b:455:4:461:Infinity:undefined:undefined:undefined:undefined":28,"s:455:4:461:Infinity":128,"b:455:8:455:28:455:28:455:46":29,"b:456:6:456:Infinity:undefined:undefined:undefined:undefined":30,"s:456:6:456:Infinity":129,"s:456:33:456:Infinity":130,"s:457:6:459:Infinity":131,"s:457:19:457:22":132,"b:458:8:458:Infinity:undefined:undefined:undefined:undefined":31,"s:458:8:458:Infinity":133,"s:458:34:458:Infinity":134,"s:460:6:460:Infinity":135,"b:462:4:462:Infinity:undefined:undefined:undefined:undefined":32,"s:462:4:462:Infinity":136,"b:462:8:462:28:462:28:462:46":33,"s:462:46:462:Infinity":137,"s:463:18:463:Infinity":138,"s:464:18:464:Infinity":139,"b:465:4:465:Infinity:undefined:undefined:undefined:undefined":34,"s:465:4:465:Infinity":140,"s:465:39:465:Infinity":141,"s:466:4:473:Infinity":142,"b:467:6:472:Infinity:undefined:undefined:undefined:undefined":35,"s:467:6:472:Infinity":143,"b:468:8:468:Infinity:469:8:469:Infinity":36,"s:471:8:471:Infinity":144,"s:474:4:474:Infinity":145,"s:476:2:476:Infinity":146},"fnNames":{}}}
,"/media/naranyala/Data/projects-remote/exba-wasm-browser-extention/src/lib/wasm-event-bus.ts": {"path":"/media/naranyala/Data/projects-remote/exba-wasm-browser-extention/src/lib/wasm-event-bus.ts","statementMap":{"0":{"start":{"line":13,"column":21},"end":{"line":13,"column":null}},"1":{"start":{"line":14,"column":29},"end":{"line":14,"column":null}},"2":{"start":{"line":21,"column":4},"end":{"line":21,"column":null}},"3":{"start":{"line":22,"column":4},"end":{"line":22,"column":null}},"4":{"start":{"line":22,"column":17},"end":{"line":22,"column":null}},"5":{"start":{"line":30,"column":16},"end":{"line":30,"column":null}},"6":{"start":{"line":31,"column":4},"end":{"line":33,"column":null}},"7":{"start":{"line":32,"column":6},"end":{"line":32,"column":null}},"8":{"start":{"line":34,"column":4},"end":{"line":34,"column":null}},"9":{"start":{"line":35,"column":4},"end":{"line":35,"column":null}},"10":{"start":{"line":35,"column":17},"end":{"line":35,"column":null}},"11":{"start":{"line":43,"column":16},"end":{"line":43,"column":null}},"12":{"start":{"line":44,"column":4},"end":{"line":46,"column":null}},"13":{"start":{"line":45,"column":6},"end":{"line":45,"column":null}},"14":{"start":{"line":47,"column":4},"end":{"line":47,"column":null}},"15":{"start":{"line":48,"column":4},"end":{"line":48,"column":null}},"16":{"start":{"line":48,"column":17},"end":{"line":48,"column":null}},"17":{"start":{"line":60,"column":16},"end":{"line":60,"column":null}},"18":{"start":{"line":61,"column":4},"end":{"line":63,"column":null}},"19":{"start":{"line":62,"column":6},"end":{"line":62,"column":null}},"20":{"start":{"line":64,"column":4},"end":{"line":64,"column":null}},"21":{"start":{"line":65,"column":4},"end":{"line":65,"column":null}},"22":{"start":{"line":65,"column":17},"end":{"line":65,"column":null}},"23":{"start":{"line":72,"column":4},"end":{"line":94,"column":null}},"24":{"start":{"line":74,"column":6},"end":{"line":76,"column":null}},"25":{"start":{"line":75,"column":8},"end":{"line":75,"column":null}},"26":{"start":{"line":78,"column":26},"end":{"line":78,"column":null}},"27":{"start":{"line":79,"column":6},"end":{"line":81,"column":null}},"28":{"start":{"line":80,"column":8},"end":{"line":80,"column":null}},"29":{"start":{"line":80,"column":37},"end":{"line":80,"column":null}},"30":{"start":{"line":83,"column":26},"end":{"line":83,"column":null}},"31":{"start":{"line":84,"column":6},"end":{"line":86,"column":null}},"32":{"start":{"line":85,"column":8},"end":{"line":85,"column":null}},"33":{"start":{"line":85,"column":37},"end":{"line":85,"column":null}},"34":{"start":{"line":88,"column":28},"end":{"line":90,"column":null}},"35":{"start":{"line":91,"column":6},"end":{"line":93,"column":null}},"36":{"start":{"line":92,"column":8},"end":{"line":92,"column":null}},"37":{"start":{"line":92,"column":39},"end":{"line":92,"column":null}},"38":{"start":{"line":101,"column":4},"end":{"line":101,"column":null}},"39":{"start":{"line":102,"column":4},"end":{"line":102,"column":null}},"40":{"start":{"line":109,"column":16},"end":{"line":109,"column":null}},"41":{"start":{"line":110,"column":4},"end":{"line":112,"column":null}},"42":{"start":{"line":111,"column":6},"end":{"line":111,"column":null}},"43":{"start":{"line":113,"column":4},"end":{"line":113,"column":null}}},"fnMap":{"0":{"name":"subscribe","decl":{"start":{"line":20,"column":2},"end":{"line":20,"column":12}},"loc":{"start":{"line":20,"column":47},"end":{"line":23,"column":null}},"line":20},"1":{"name":"(anonymous_1)","decl":{"start":{"line":22,"column":4},"end":{"line":22,"column":17}},"loc":{"start":{"line":22,"column":17},"end":{"line":22,"column":null}},"line":22},"2":{"name":"subscribeModule","decl":{"start":{"line":29,"column":2},"end":{"line":29,"column":18}},"loc":{"start":{"line":29,"column":73},"end":{"line":36,"column":null}},"line":29},"3":{"name":"(anonymous_3)","decl":{"start":{"line":35,"column":4},"end":{"line":35,"column":17}},"loc":{"start":{"line":35,"column":17},"end":{"line":35,"column":null}},"line":35},"4":{"name":"subscribeEvent","decl":{"start":{"line":42,"column":2},"end":{"line":42,"column":17}},"loc":{"start":{"line":42,"column":71},"end":{"line":49,"column":null}},"line":42},"5":{"name":"(anonymous_5)","decl":{"start":{"line":48,"column":4},"end":{"line":48,"column":17}},"loc":{"start":{"line":48,"column":17},"end":{"line":48,"column":null}},"line":48},"6":{"name":"subscribeExact","decl":{"start":{"line":55,"column":2},"end":{"line":55,"column":null}},"loc":{"start":{"line":59,"column":16},"end":{"line":66,"column":null}},"line":59},"7":{"name":"(anonymous_7)","decl":{"start":{"line":65,"column":4},"end":{"line":65,"column":17}},"loc":{"start":{"line":65,"column":17},"end":{"line":65,"column":null}},"line":65},"8":{"name":"feed","decl":{"start":{"line":71,"column":2},"end":{"line":71,"column":7}},"loc":{"start":{"line":71,"column":40},"end":{"line":95,"column":null}},"line":71},"9":{"name":"clear","decl":{"start":{"line":100,"column":2},"end":{"line":100,"column":16}},"loc":{"start":{"line":100,"column":16},"end":{"line":103,"column":null}},"line":100},"10":{"name":"handlerCount","decl":{"start":{"line":108,"column":6},"end":{"line":108,"column":29}},"loc":{"start":{"line":108,"column":29},"end":{"line":114,"column":null}},"line":108}},"branchMap":{"0":{"loc":{"start":{"line":31,"column":4},"end":{"line":33,"column":null}},"type":"if","locations":[{"start":{"line":31,"column":4},"end":{"line":33,"column":null}},{"start":{},"end":{}}],"line":31},"1":{"loc":{"start":{"line":44,"column":4},"end":{"line":46,"column":null}},"type":"if","locations":[{"start":{"line":44,"column":4},"end":{"line":46,"column":null}},{"start":{},"end":{}}],"line":44},"2":{"loc":{"start":{"line":61,"column":4},"end":{"line":63,"column":null}},"type":"if","locations":[{"start":{"line":61,"column":4},"end":{"line":63,"column":null}},{"start":{},"end":{}}],"line":61},"3":{"loc":{"start":{"line":79,"column":6},"end":{"line":81,"column":null}},"type":"if","locations":[{"start":{"line":79,"column":6},"end":{"line":81,"column":null}},{"start":{},"end":{}}],"line":79},"4":{"loc":{"start":{"line":84,"column":6},"end":{"line":86,"column":null}},"type":"if","locations":[{"start":{"line":84,"column":6},"end":{"line":86,"column":null}},{"start":{},"end":{}}],"line":84},"5":{"loc":{"start":{"line":91,"column":6},"end":{"line":93,"column":null}},"type":"if","locations":[{"start":{"line":91,"column":6},"end":{"line":93,"column":null}},{"start":{},"end":{}}],"line":91}},"s":{"0":89,"1":89,"2":15,"3":15,"4":2,"5":8,"6":8,"7":8,"8":8,"9":8,"10":1,"11":6,"12":6,"13":6,"14":6,"15":6,"16":1,"17":5,"18":5,"19":5,"20":5,"21":5,"22":1,"23":22,"24":28,"25":10,"26":28,"27":28,"28":4,"29":3,"30":28,"31":28,"32":5,"33":4,"34":28,"35":28,"36":4,"37":3,"38":34,"39":34,"40":6,"41":6,"42":3,"43":6},"f":{"0":15,"1":2,"2":8,"3":1,"4":6,"5":1,"6":5,"7":1,"8":22,"9":34,"10":6},"b":{"0":[8,0],"1":[6,0],"2":[5,0],"3":[4,24],"4":[5,23],"5":[4,24]},"meta":{"lastBranch":6,"lastFunction":11,"lastStatement":44,"seen":{"s:13:21:13:Infinity":0,"s:14:29:14:Infinity":1,"f:20:2:20:12":0,"s:21:4:21:Infinity":2,"s:22:4:22:Infinity":3,"f:22:4:22:17":1,"s:22:17:22:Infinity":4,"f:29:2:29:18":2,"s:30:16:30:Infinity":5,"b:31:4:33:Infinity:undefined:undefined:undefined:undefined":0,"s:31:4:33:Infinity":6,"s:32:6:32:Infinity":7,"s:34:4:34:Infinity":8,"s:35:4:35:Infinity":9,"f:35:4:35:17":3,"s:35:17:35:Infinity":10,"f:42:2:42:17":4,"s:43:16:43:Infinity":11,"b:44:4:46:Infinity:undefined:undefined:undefined:undefined":1,"s:44:4:46:Infinity":12,"s:45:6:45:Infinity":13,"s:47:4:47:Infinity":14,"s:48:4:48:Infinity":15,"f:48:4:48:17":5,"s:48:17:48:Infinity":16,"f:55:2:55:Infinity":6,"s:60:16:60:Infinity":17,"b:61:4:63:Infinity:undefined:undefined:undefined:undefined":2,"s:61:4:63:Infinity":18,"s:62:6:62:Infinity":19,"s:64:4:64:Infinity":20,"s:65:4:65:Infinity":21,"f:65:4:65:17":7,"s:65:17:65:Infinity":22,"f:71:2:71:7":8,"s:72:4:94:Infinity":23,"s:74:6:76:Infinity":24,"s:75:8:75:Infinity":25,"s:78:26:78:Infinity":26,"b:79:6:81:Infinity:undefined:undefined:undefined:undefined":3,"s:79:6:81:Infinity":27,"s:80:8:80:Infinity":28,"s:80:37:80:Infinity":29,"s:83:26:83:Infinity":30,"b:84:6:86:Infinity:undefined:undefined:undefined:undefined":4,"s:84:6:86:Infinity":31,"s:85:8:85:Infinity":32,"s:85:37:85:Infinity":33,"s:88:28:90:Infinity":34,"b:91:6:93:Infinity:undefined:undefined:undefined:undefined":5,"s:91:6:93:Infinity":35,"s:92:8:92:Infinity":36,"s:92:39:92:Infinity":37,"f:100:2:100:16":9,"s:101:4:101:Infinity":38,"s:102:4:102:Infinity":39,"f:108:6:108:29":10,"s:109:16:109:Infinity":40,"s:110:4:112:Infinity":41,"s:111:6:111:Infinity":42,"s:113:4:113:Infinity":43},"fnNames":{}}}
}
